[ + 1.0 ] * v ( p3 p4 h1 h2 )
[ - 1.0 + 1.0 * P( p3 p4 h1 h2 => p3 p4 h2 h1 ) ] * Sum ( h5 ) * f ( h5 h1 ) * t ( p3 p4 h5 h2 )
[ - 1.0 + 1.0 * P( p4 p3 h1 h2 => p3 p4 h1 h2 ) ] * Sum ( p5 ) * f ( p4 p5 ) * t ( p5 p3 h1 h2 )
[ + 0.5 ] * Sum ( h5 h6 ) * t ( p3 p4 h5 h6 ) * v ( h5 h6 h1 h2 )
[ + 1.0 - 1.0 * P( p3 p4 h2 h1 => p4 p3 h2 h1 ) - 1.0 * P( p3 p4 h2 h1 => p3 p4 h1 h2 ) + 1.0 * P( p3 p4 h2 h1 => p4 p3 h1 h2 ) ] * Sum ( p5 h6 ) * t ( p5 p3 h6 h2 ) * v ( h6 p4 h1 p5 )
[ + 0.5 ] * Sum ( p5 p6 ) * t ( p5 p6 h1 h2 ) * v ( p3 p4 p5 p6 )
[ - 0.5 + 0.5 * P( p4 p3 h1 h2 => p3 p4 h1 h2 ) ] * Sum ( p5 p6 h7 h8 ) * t ( p5 p4 h1 h2 ) * t ( p6 p3 h7 h8 ) * v ( h7 h8 p6 p5 )
[ + 0.25 ] * Sum ( h5 h6 p7 p8 ) * t ( p3 p4 h5 h6 ) * t ( p7 p8 h1 h2 ) * v ( h5 h6 p7 p8 )
[ + 0.5 - 0.5 * P( p3 p4 h1 h2 => p3 p4 h2 h1 ) ] * Sum ( h5 p6 p7 h8 ) * t ( p3 p4 h5 h1 ) * t ( p6 p7 h8 h2 ) * v ( h8 h5 p6 p7 )
[ - 0.5 - 0.5 * P( p4 p3 h1 h2 => p3 p4 h2 h1 ) + 0.5 * P( p4 p3 h1 h2 => p3 p4 h1 h2 ) + 0.5 * P( p4 p3 h1 h2 => p4 p3 h2 h1 ) ] * Sum ( p5 h6 p7 h8 ) * t ( p5 p4 h6 h1 ) * t ( p7 p3 h8 h2 ) * v ( h8 h6 p7 p5 )
[ - 0.5 ] * Sum ( h5 h6 p7 p8 h9 h10 ) * t ( p3 p4 h5 h6 ) * t ( p7 p8 h9 h10 ) * v ( h10 h6 h1 h2 ) * y ( h9 h5 p7 p8 )
[ - 0.5 + 0.5 * P( p3 p4 h1 h2 => p4 p3 h1 h2 ) ] * Sum ( p5 h6 h7 p8 h9 h10 ) * t ( p5 p3 h6 h7 ) * t ( p8 p4 h9 h10 ) * v ( h10 h7 h1 h2 ) * y ( h9 h6 p8 p5 )
[ - 0.5 + 0.5 * P( p3 p4 h2 h1 => p4 p3 h2 h1 ) + 0.5 * P( p3 p4 h2 h1 => p3 p4 h1 h2 ) - 0.5 * P( p3 p4 h2 h1 => p4 p3 h1 h2 ) ] * Sum ( p5 h6 p7 p8 h9 h10 ) * t ( p5 p3 h6 h2 ) * t ( p7 p8 h9 h10 ) * v ( h10 p4 h1 p5 ) * y ( h9 h6 p7 p8 )
[ - 0.5 + 0.5 * P( p3 p4 h2 h1 => p4 p3 h2 h1 ) + 0.5 * P( p3 p4 h2 h1 => p3 p4 h1 h2 ) - 0.5 * P( p3 p4 h2 h1 => p4 p3 h1 h2 ) ] * Sum ( p5 h6 p7 p8 h9 h10 ) * t ( p5 p3 h6 h2 ) * t ( p7 p8 h9 h10 ) * v ( h6 p4 h1 p8 ) * y ( h9 h10 p7 p5 )
[ - 1.0 + 1.0 * P( p3 p4 h2 h1 => p4 p3 h2 h1 ) + 1.0 * P( p3 p4 h2 h1 => p3 p4 h1 h2 ) - 1.0 * P( p3 p4 h2 h1 => p4 p3 h1 h2 ) ] * Sum ( p5 p6 h7 p8 h9 h10 ) * t ( p5 p6 h7 h2 ) * t ( p8 p3 h9 h10 ) * v ( h10 p4 h1 p6 ) * y ( h9 h7 p8 p5 )
[ + 0.25 - 0.25 * P( p3 p4 h2 h1 => p4 p3 h2 h1 ) - 0.25 * P( p3 p4 h2 h1 => p3 p4 h1 h2 ) + 0.25 * P( p3 p4 h2 h1 => p4 p3 h1 h2 ) ] * Sum ( p5 h6 h7 p8 p9 h10 ) * t ( p5 p3 h6 h7 ) * t ( p8 p9 h10 h2 ) * v ( h10 p4 h1 p5 ) * y ( h6 h7 p8 p9 )
[ - 0.5 + 0.5 * P( p3 p4 h2 h1 => p3 p4 h1 h2 ) ] * Sum ( h5 p6 p7 h8 h9 h10 ) * t ( p3 p4 h5 h2 ) * t ( p6 p7 h8 h9 ) * v ( h9 h5 h10 h1 ) * y ( h10 h8 p6 p7 )
[ + 0.5 - 0.5 * P( p3 p4 h2 h1 => p3 p4 h1 h2 ) ] * Sum ( h5 p6 p7 h8 h9 p10 ) * t ( p3 p4 h5 h2 ) * t ( p6 p7 h8 h9 ) * v ( h5 p10 h1 p7 ) * y ( h8 h9 p10 p6 )
[ + 1.0 - 1.0 * P( p4 p3 h2 h1 => p3 p4 h2 h1 ) - 1.0 * P( p4 p3 h2 h1 => p4 p3 h1 h2 ) + 1.0 * P( p4 p3 h2 h1 => p3 p4 h1 h2 ) ] * Sum ( p5 h6 p7 h8 h9 h10 ) * t ( p5 p4 h6 h2 ) * t ( p7 p3 h8 h9 ) * v ( h9 h6 h10 h1 ) * y ( h10 h8 p7 p5 )
[ + 1.0 - 1.0 * P( p4 p3 h2 h1 => p3 p4 h2 h1 ) - 1.0 * P( p4 p3 h2 h1 => p4 p3 h1 h2 ) + 1.0 * P( p4 p3 h2 h1 => p3 p4 h1 h2 ) ] * Sum ( p5 h6 p7 h8 h9 p10 ) * t ( p5 p4 h6 h2 ) * t ( p7 p3 h8 h9 ) * v ( h9 p10 h1 p5 ) * y ( h8 h6 p10 p7 )
[ + 0.5 - 0.5 * P( p4 p3 h2 h1 => p3 p4 h2 h1 ) - 0.5 * P( p4 p3 h2 h1 => p4 p3 h1 h2 ) + 0.5 * P( p4 p3 h2 h1 => p3 p4 h1 h2 ) ] * Sum ( p5 h6 p7 h8 h9 p10 ) * t ( p5 p4 h6 h2 ) * t ( p7 p3 h8 h9 ) * v ( h6 p10 h1 p7 ) * y ( h8 h9 p10 p5 )
[ + 0.5 - 0.5 * P( p3 p4 h2 h1 => p3 p4 h1 h2 ) ] * Sum ( h5 h6 p7 p8 h9 h10 ) * t ( p3 p4 h5 h6 ) * t ( p7 p8 h9 h2 ) * v ( h9 h6 h10 h1 ) * y ( h10 h5 p7 p8 )
[ + 1.0 - 1.0 * P( p3 p4 h2 h1 => p3 p4 h1 h2 ) ] * Sum ( h5 h6 p7 p8 h9 p10 ) * t ( p3 p4 h5 h6 ) * t ( p7 p8 h9 h2 ) * v ( h6 p10 h1 p8 ) * y ( h9 h5 p10 p7 )
[ - 0.5 ] * Sum ( p5 p6 p7 p8 h9 h10 ) * t ( p5 p6 h1 h2 ) * t ( p7 p8 h9 h10 ) * v ( p3 p4 p8 p6 ) * y ( h9 h10 p7 p5 )
[ - 0.5 + 0.5 * P( p3 p4 h1 h2 => p4 p3 h1 h2 ) ] * Sum ( p5 p6 p7 h8 h9 h10 ) * t ( p5 p3 h1 h2 ) * t ( p6 p7 h8 h9 ) * v ( h9 p4 h10 p5 ) * y ( h10 h8 p6 p7 )
[ + 0.5 - 0.5 * P( p3 p4 h1 h2 => p4 p3 h1 h2 ) ] * Sum ( p5 p6 p7 h8 h9 p10 ) * t ( p5 p3 h1 h2 ) * t ( p6 p7 h8 h9 ) * v ( p10 p4 p7 p5 ) * y ( h8 h9 p10 p6 )
[ - 1.0 + 1.0 * P( p3 p4 h1 h2 => p4 p3 h1 h2 ) ] * Sum ( p5 p6 p7 h8 h9 h10 ) * t ( p5 p6 h1 h2 ) * t ( p7 p3 h8 h9 ) * v ( h9 p4 h10 p6 ) * y ( h10 h8 p7 p5 )
[ - 0.5 + 0.5 * P( p3 p4 h1 h2 => p4 p3 h1 h2 ) ] * Sum ( p5 p6 p7 h8 h9 p10 ) * t ( p5 p6 h1 h2 ) * t ( p7 p3 h8 h9 ) * v ( p10 p4 p7 p6 ) * y ( h8 h9 p10 p5 )
[ + 1.0 - 1.0 * P( p4 p3 h1 h2 => p3 p4 h1 h2 ) ] * Sum ( p5 p6 h7 h8 p9 h10 ) * t ( p5 p4 h1 h2 ) * t ( p6 p3 h7 h8 ) * v ( h8 p9 h10 p5 ) * y ( h10 h7 p9 p6 )
[ - 0.25 + 0.25 * P( p4 p3 h1 h2 => p3 p4 h1 h2 ) ] * Sum ( p5 p6 h7 h8 p9 p10 ) * t ( p5 p4 h1 h2 ) * t ( p6 p3 h7 h8 ) * v ( p9 p10 p6 p5 ) * y ( h7 h8 p9 p10 )
[ - 1.0 ] * Sum ( p5 p6 h7 h8 p9 h10 ) * t ( p5 p6 h1 h2 ) * t ( p3 p4 h7 h8 ) * v ( h8 p9 h10 p6 ) * y ( h10 h7 p9 p5 )
[ + 0.5 - 0.5 * P( p3 p4 h2 h1 => p3 p4 h1 h2 ) ] * Sum ( p5 p6 h7 p8 p9 h10 ) * t ( p5 p6 h7 h2 ) * t ( p8 p9 h10 h1 ) * v ( p3 p4 p9 p6 ) * y ( h10 h7 p8 p5 )
[ + 0.5 - 0.5 * P( p3 p4 h1 h2 => p3 p4 h2 h1 ) - 0.5 * P( p3 p4 h1 h2 => p4 p3 h1 h2 ) + 0.5 * P( p3 p4 h1 h2 => p4 p3 h2 h1 ) ] * Sum ( p5 h6 p7 p8 h9 h10 ) * t ( p5 p3 h6 h1 ) * t ( p7 p8 h9 h2 ) * v ( h9 p4 h10 p5 ) * y ( h10 h6 p7 p8 )
[ + 1.0 - 1.0 * P( p3 p4 h1 h2 => p3 p4 h2 h1 ) - 1.0 * P( p3 p4 h1 h2 => p4 p3 h1 h2 ) + 1.0 * P( p3 p4 h1 h2 => p4 p3 h2 h1 ) ] * Sum ( p5 h6 p7 p8 h9 h10 ) * t ( p5 p3 h6 h1 ) * t ( p7 p8 h9 h2 ) * v ( h6 p4 h10 p8 ) * y ( h10 h9 p7 p5 )
[ + 1.0 - 1.0 * P( p3 p4 h1 h2 => p3 p4 h2 h1 ) - 1.0 * P( p3 p4 h1 h2 => p4 p3 h1 h2 ) + 1.0 * P( p3 p4 h1 h2 => p4 p3 h2 h1 ) ] * Sum ( p5 h6 p7 p8 h9 p10 ) * t ( p5 p3 h6 h1 ) * t ( p7 p8 h9 h2 ) * v ( p10 p4 p8 p5 ) * y ( h9 h6 p10 p7 )
[ + 0.25 - 0.25 * P( p3 p4 h1 h2 => p3 p4 h2 h1 ) ] * Sum ( h5 p6 p7 h8 h9 h10 ) * t ( p3 p4 h5 h1 ) * t ( p6 p7 h8 h2 ) * v ( h8 h5 h9 h10 ) * y ( h9 h10 p6 p7 )
[ - 1.0 + 1.0 * P( p3 p4 h1 h2 => p3 p4 h2 h1 ) ] * Sum ( h5 p6 p7 h8 p9 h10 ) * t ( p3 p4 h5 h1 ) * t ( p6 p7 h8 h2 ) * v ( h5 p9 h10 p7 ) * y ( h10 h8 p9 p6 )
[ - 0.25 - 0.25 * P( p3 p4 h2 h1 => p4 p3 h1 h2 ) + 0.25 * P( p3 p4 h2 h1 => p4 p3 h2 h1 ) + 0.25 * P( p3 p4 h2 h1 => p3 p4 h1 h2 ) ] * Sum ( p5 h6 p7 h8 h9 h10 ) * t ( p5 p3 h6 h2 ) * t ( p7 p4 h8 h1 ) * v ( h8 h6 h9 h10 ) * y ( h9 h10 p7 p5 )
[ - 1.0 - 1.0 * P( p4 p3 h1 h2 => p3 p4 h2 h1 ) + 1.0 * P( p4 p3 h1 h2 => p3 p4 h1 h2 ) + 1.0 * P( p4 p3 h1 h2 => p4 p3 h2 h1 ) ] * Sum ( p5 h6 p7 h8 p9 h10 ) * t ( p5 p4 h6 h1 ) * t ( p7 p3 h8 h2 ) * v ( h8 p9 h10 p5 ) * y ( h10 h6 p9 p7 )
[ - 0.25 - 0.25 * P( p3 p4 h2 h1 => p4 p3 h1 h2 ) + 0.25 * P( p3 p4 h2 h1 => p4 p3 h2 h1 ) + 0.25 * P( p3 p4 h2 h1 => p3 p4 h1 h2 ) ] * Sum ( p5 h6 p7 h8 p9 p10 ) * t ( p5 p3 h6 h2 ) * t ( p7 p4 h8 h1 ) * v ( p9 p10 p7 p5 ) * y ( h8 h6 p9 p10 )
[ - 0.125 + 0.125 * P( p4 p3 h1 h2 => p3 p4 h1 h2 ) ] * Sum ( p5 p6 h7 h8 p9 p10 h11 h12 ) * t ( p5 p4 h1 h2 ) * t ( p6 p3 h7 h8 ) * t ( p9 p10 h11 h12 ) * v ( h11 h12 p6 p5 ) * y ( h7 h8 p9 p10 )
[ - 1.0 + 1.0 * P( p4 p3 h1 h2 => p3 p4 h1 h2 ) ] * Sum ( p5 p6 h7 h8 p9 p10 h11 h12 ) * t ( p5 p4 h1 h2 ) * t ( p6 p3 h7 h8 ) * t ( p9 p10 h11 h12 ) * v ( h12 h8 p10 p5 ) * y ( h11 h7 p9 p6 )
[ + 0.5 - 0.5 * P( p4 p3 h1 h2 => p3 p4 h1 h2 ) ] * Sum ( p5 p6 h7 h8 p9 p10 h11 h12 ) * t ( p5 p4 h1 h2 ) * t ( p6 p3 h7 h8 ) * t ( p9 p10 h11 h12 ) * v ( h12 h8 p6 p5 ) * y ( h11 h7 p9 p10 )
[ + 0.25 - 0.25 * P( p4 p3 h1 h2 => p3 p4 h1 h2 ) ] * Sum ( p5 p6 h7 h8 p9 p10 h11 h12 ) * t ( p5 p4 h1 h2 ) * t ( p6 p3 h7 h8 ) * t ( p9 p10 h11 h12 ) * v ( h7 h8 p10 p5 ) * y ( h11 h12 p9 p6 )
[ + 1.0 ] * Sum ( p5 p6 h7 h8 p9 p10 h11 h12 ) * t ( p5 p6 h1 h2 ) * t ( p3 p4 h7 h8 ) * t ( p9 p10 h11 h12 ) * v ( h12 h8 p10 p6 ) * y ( h11 h7 p9 p5 )
[ - 0.25 ] * Sum ( h5 h6 p7 p8 p9 p10 h11 h12 ) * t ( p3 p4 h5 h6 ) * t ( p7 p8 h1 h2 ) * t ( p9 p10 h11 h12 ) * v ( h12 h6 p7 p8 ) * y ( h11 h5 p9 p10 )
[ - 0.25 ] * Sum ( p5 p6 h7 h8 p9 p10 h11 h12 ) * t ( p5 p6 h1 h2 ) * t ( p3 p4 h7 h8 ) * t ( p9 p10 h11 h12 ) * v ( h7 h8 p10 p6 ) * y ( h11 h12 p9 p5 )
[ + 0.25 - 0.25 * P( p4 p3 h1 h2 => p3 p4 h1 h2 ) ] * Sum ( p5 p6 p7 h8 h9 p10 h11 h12 ) * t ( p5 p6 h1 h2 ) * t ( p7 p4 h8 h9 ) * t ( p10 p3 h11 h12 ) * v ( h11 h12 p7 p6 ) * y ( h8 h9 p10 p5 )
[ + 1.0 - 1.0 * P( p4 p3 h1 h2 => p3 p4 h1 h2 ) ] * Sum ( p5 p6 p7 h8 h9 p10 h11 h12 ) * t ( p5 p6 h1 h2 ) * t ( p7 p4 h8 h9 ) * t ( p10 p3 h11 h12 ) * v ( h12 h9 p10 p6 ) * y ( h11 h8 p7 p5 )
[ - 0.25 + 0.25 * P( p3 p4 h1 h2 => p4 p3 h1 h2 ) ] * Sum ( p5 p6 p7 h8 h9 p10 h11 h12 ) * t ( p5 p6 h1 h2 ) * t ( p7 p3 h8 h9 ) * t ( p10 p4 h11 h12 ) * v ( h12 h9 p5 p6 ) * y ( h11 h8 p10 p7 )
[ + 1.0 - 1.0 * P( p3 p4 h1 h2 => p3 p4 h2 h1 ) ] * Sum ( h5 p6 p7 h8 p9 p10 h11 h12 ) * t ( p3 p4 h5 h1 ) * t ( p6 p7 h8 h2 ) * t ( p9 p10 h11 h12 ) * v ( h12 h5 p10 p7 ) * y ( h11 h8 p9 p6 )
[ - 0.25 + 0.25 * P( p3 p4 h1 h2 => p3 p4 h2 h1 ) ] * Sum ( h5 p6 p7 h8 p9 p10 h11 h12 ) * t ( p3 p4 h5 h1 ) * t ( p6 p7 h8 h2 ) * t ( p9 p10 h11 h12 ) * v ( h12 h5 p6 p7 ) * y ( h11 h8 p9 p10 )
[ + 0.125 - 0.125 * P( p3 p4 h1 h2 => p3 p4 h2 h1 ) ] * Sum ( h5 p6 p7 h8 p9 p10 h11 h12 ) * t ( p3 p4 h5 h1 ) * t ( p6 p7 h8 h2 ) * t ( p9 p10 h11 h12 ) * v ( h8 h5 p9 p10 ) * y ( h11 h12 p6 p7 )
[ - 0.5 + 0.5 * P( p3 p4 h1 h2 => p3 p4 h2 h1 ) ] * Sum ( h5 p6 p7 h8 p9 p10 h11 h12 ) * t ( p3 p4 h5 h1 ) * t ( p6 p7 h8 h2 ) * t ( p9 p10 h11 h12 ) * v ( h8 h5 p10 p7 ) * y ( h11 h12 p9 p6 )
[ - 0.125 - 0.125 * P( p3 p4 h2 h1 => p4 p3 h1 h2 ) + 0.125 * P( p3 p4 h2 h1 => p4 p3 h2 h1 ) + 0.125 * P( p3 p4 h2 h1 => p3 p4 h1 h2 ) ] * Sum ( p5 h6 p7 h8 p9 p10 h11 h12 ) * t ( p5 p3 h6 h2 ) * t ( p7 p4 h8 h1 ) * t ( p9 p10 h11 h12 ) * v ( h11 h12 p7 p5 ) * y ( h8 h6 p9 p10 )
[ + 1.0 + 1.0 * P( p4 p3 h1 h2 => p3 p4 h2 h1 ) - 1.0 * P( p4 p3 h1 h2 => p3 p4 h1 h2 ) - 1.0 * P( p4 p3 h1 h2 => p4 p3 h2 h1 ) ] * Sum ( p5 h6 p7 h8 p9 p10 h11 h12 ) * t ( p5 p4 h6 h1 ) * t ( p7 p3 h8 h2 ) * t ( p9 p10 h11 h12 ) * v ( h12 h8 p10 p5 ) * y ( h11 h6 p9 p7 )
[ - 0.5 - 0.5 * P( p4 p3 h1 h2 => p3 p4 h2 h1 ) + 0.5 * P( p4 p3 h1 h2 => p3 p4 h1 h2 ) + 0.5 * P( p4 p3 h1 h2 => p4 p3 h2 h1 ) ] * Sum ( p5 h6 p7 h8 p9 p10 h11 h12 ) * t ( p5 p4 h6 h1 ) * t ( p7 p3 h8 h2 ) * t ( p9 p10 h11 h12 ) * v ( h12 h8 p7 p5 ) * y ( h11 h6 p9 p10 )
[ - 0.125 - 0.125 * P( p3 p4 h2 h1 => p4 p3 h1 h2 ) + 0.125 * P( p3 p4 h2 h1 => p4 p3 h2 h1 ) + 0.125 * P( p3 p4 h2 h1 => p3 p4 h1 h2 ) ] * Sum ( p5 h6 p7 h8 p9 p10 h11 h12 ) * t ( p5 p3 h6 h2 ) * t ( p7 p4 h8 h1 ) * t ( p9 p10 h11 h12 ) * v ( h8 h6 p9 p10 ) * y ( h11 h12 p7 p5 )
[ - 0.5 - 0.5 * P( p4 p3 h1 h2 => p3 p4 h2 h1 ) + 0.5 * P( p4 p3 h1 h2 => p3 p4 h1 h2 ) + 0.5 * P( p4 p3 h1 h2 => p4 p3 h2 h1 ) ] * Sum ( p5 h6 p7 h8 p9 p10 h11 h12 ) * t ( p5 p4 h6 h1 ) * t ( p7 p3 h8 h2 ) * t ( p9 p10 h11 h12 ) * v ( h8 h6 p10 p7 ) * y ( h11 h12 p9 p5 )
[ - 0.5 + 0.5 * P( p4 p3 h1 h2 => p4 p3 h2 h1 ) + 0.5 * P( p4 p3 h1 h2 => p3 p4 h1 h2 ) - 0.5 * P( p4 p3 h1 h2 => p3 p4 h2 h1 ) ] * Sum ( p5 h6 p7 p8 h9 p10 h11 h12 ) * t ( p5 p4 h6 h1 ) * t ( p7 p8 h9 h2 ) * t ( p10 p3 h11 h12 ) * v ( h11 h12 p8 p5 ) * y ( h9 h6 p10 p7 )
[ - 0.5 + 0.5 * P( p4 p3 h1 h2 => p4 p3 h2 h1 ) + 0.5 * P( p4 p3 h1 h2 => p3 p4 h1 h2 ) - 0.5 * P( p4 p3 h1 h2 => p3 p4 h2 h1 ) ] * Sum ( p5 h6 p7 p8 h9 p10 h11 h12 ) * t ( p5 p4 h6 h1 ) * t ( p7 p8 h9 h2 ) * t ( p10 p3 h11 h12 ) * v ( h12 h9 p10 p5 ) * y ( h11 h6 p7 p8 )
[ - 1.0 + 1.0 * P( p4 p3 h1 h2 => p4 p3 h2 h1 ) + 1.0 * P( p4 p3 h1 h2 => p3 p4 h1 h2 ) - 1.0 * P( p4 p3 h1 h2 => p3 p4 h2 h1 ) ] * Sum ( p5 h6 p7 h8 h9 p10 p11 h12 ) * t ( p5 p4 h6 h1 ) * t ( p7 p3 h8 h9 ) * t ( p10 p11 h12 h2 ) * v ( h12 h9 p11 p5 ) * y ( h8 h6 p10 p7 )
[ - 1.0 + 1.0 * P( p4 p3 h1 h2 => p4 p3 h2 h1 ) + 1.0 * P( p4 p3 h1 h2 => p3 p4 h1 h2 ) - 1.0 * P( p4 p3 h1 h2 => p3 p4 h2 h1 ) ] * Sum ( p5 h6 p7 p8 h9 p10 h11 h12 ) * t ( p5 p4 h6 h1 ) * t ( p7 p8 h9 h2 ) * t ( p10 p3 h11 h12 ) * v ( h12 h6 p10 p8 ) * y ( h11 h9 p7 p5 )
[ - 0.5 + 0.5 * P( p4 p3 h1 h2 => p4 p3 h2 h1 ) + 0.5 * P( p4 p3 h1 h2 => p3 p4 h1 h2 ) - 0.5 * P( p4 p3 h1 h2 => p3 p4 h2 h1 ) ] * Sum ( p5 h6 p7 h8 h9 p10 p11 h12 ) * t ( p5 p4 h6 h1 ) * t ( p7 p3 h8 h9 ) * t ( p10 p11 h12 h2 ) * v ( h9 h6 p10 p11 ) * y ( h12 h8 p7 p5 )
[ + 1.0 - 1.0 * P( p4 p3 h1 h2 => p4 p3 h2 h1 ) - 1.0 * P( p4 p3 h1 h2 => p3 p4 h1 h2 ) + 1.0 * P( p4 p3 h1 h2 => p3 p4 h2 h1 ) ] * Sum ( p5 h6 p7 p8 h9 p10 h11 h12 ) * t ( p5 p4 h6 h1 ) * t ( p7 p8 h9 h2 ) * t ( p10 p3 h11 h12 ) * v ( h12 h6 p8 p5 ) * y ( h11 h9 p10 p7 )
[ - 0.5 + 0.5 * P( p4 p3 h1 h2 => p4 p3 h2 h1 ) + 0.5 * P( p4 p3 h1 h2 => p3 p4 h1 h2 ) - 0.5 * P( p4 p3 h1 h2 => p3 p4 h2 h1 ) ] * Sum ( p5 h6 p7 h8 h9 p10 p11 h12 ) * t ( p5 p4 h6 h1 ) * t ( p7 p3 h8 h9 ) * t ( p10 p11 h12 h2 ) * v ( h12 h6 p11 p7 ) * y ( h8 h9 p10 p5 )
[ - 0.25 + 0.25 * P( p4 p3 h1 h2 => p4 p3 h2 h1 ) + 0.25 * P( p4 p3 h1 h2 => p3 p4 h1 h2 ) - 0.25 * P( p4 p3 h1 h2 => p3 p4 h2 h1 ) ] * Sum ( p5 h6 p7 h8 h9 p10 p11 h12 ) * t ( p5 p4 h6 h1 ) * t ( p7 p3 h8 h9 ) * t ( p10 p11 h12 h2 ) * v ( h12 h6 p7 p5 ) * y ( h8 h9 p10 p11 )
[ + 0.25 - 0.25 * P( p3 p4 h2 h1 => p3 p4 h1 h2 ) ] * Sum ( h5 h6 p7 p8 h9 p10 p11 h12 ) * t ( p3 p4 h5 h6 ) * t ( p7 p8 h9 h2 ) * t ( p10 p11 h12 h1 ) * v ( h5 h6 p11 p8 ) * y ( h12 h9 p10 p7 )
[ - 1.0 + 1.0 * P( p3 p4 h1 h2 => p3 p4 h2 h1 ) ] * Sum ( h5 h6 p7 p8 h9 p10 p11 h12 ) * t ( p3 p4 h5 h6 ) * t ( p7 p8 h9 h1 ) * t ( p10 p11 h12 h2 ) * v ( h12 h6 p11 p8 ) * y ( h9 h5 p10 p7 )
[ + 0.25 - 0.25 * P( p3 p4 h2 h1 => p3 p4 h1 h2 ) ] * Sum ( h5 h6 p7 p8 h9 p10 p11 h12 ) * t ( p3 p4 h5 h6 ) * t ( p7 p8 h9 h2 ) * t ( p10 p11 h12 h1 ) * v ( h9 h6 p10 p11 ) * y ( h12 h5 p7 p8 )
