[ + 1.0 ] * Sum ( h5 p6 h7 h8 ) * y+ ( h5 p6 ) * t ( p3 p4 h7 h5 ) * v ( h8 h7 h1 h2 ) * x ( p6 h8 )
[ - 1.0 + 1.0 * P( p4 p3 h1 h2 => p3 p4 h1 h2 ) ] * Sum ( h5 p6 h7 h8 ) * y+ ( h5 p6 ) * t ( p6 p4 h7 h5 ) * v ( h8 h7 h1 h2 ) * x ( p3 h8 )
[ - 0.5 + 0.5 * P( p4 p3 h1 h2 => p3 p4 h1 h2 ) ] * Sum ( h5 p6 h7 h8 ) * y+ ( h5 p6 ) * t ( p6 p4 h7 h8 ) * v ( h7 h8 h1 h2 ) * x ( p3 h5 )
[ + 1.0 - 1.0 * P( p3 p4 h2 h1 => p4 p3 h2 h1 ) - 1.0 * P( p3 p4 h2 h1 => p3 p4 h1 h2 ) + 1.0 * P( p3 p4 h2 h1 => p4 p3 h1 h2 ) ] * Sum ( h5 p6 h7 p8 ) * y+ ( h5 p6 ) * t ( p6 p3 h5 h2 ) * v ( h7 p4 h1 p8 ) * x ( p8 h7 )
[ - 1.0 + 1.0 * P( p3 p4 h2 h1 => p4 p3 h2 h1 ) + 1.0 * P( p3 p4 h2 h1 => p3 p4 h1 h2 ) - 1.0 * P( p3 p4 h2 h1 => p4 p3 h1 h2 ) ] * Sum ( h5 p6 p7 h8 ) * y+ ( h5 p6 ) * t ( p7 p3 h5 h2 ) * v ( h8 p4 h1 p7 ) * x ( p6 h8 )
[ - 1.0 + 1.0 * P( p3 p4 h2 h1 => p4 p3 h2 h1 ) + 1.0 * P( p3 p4 h2 h1 => p3 p4 h1 h2 ) - 1.0 * P( p3 p4 h2 h1 => p4 p3 h1 h2 ) ] * Sum ( h5 p6 h7 p8 ) * y+ ( h5 p6 ) * t ( p6 p3 h7 h2 ) * v ( h7 p4 h1 p8 ) * x ( p8 h5 )
[ + 1.0 - 1.0 * P( p4 p3 h2 h1 => p3 p4 h2 h1 ) - 1.0 * P( p4 p3 h2 h1 => p4 p3 h1 h2 ) + 1.0 * P( p4 p3 h2 h1 => p3 p4 h1 h2 ) ] * Sum ( h5 p6 p7 h8 ) * y+ ( h5 p6 ) * t ( p7 p6 h5 h2 ) * v ( h8 p4 h1 p7 ) * x ( p3 h8 )
[ - 1.0 + 1.0 * P( p4 p3 h2 h1 => p3 p4 h2 h1 ) + 1.0 * P( p4 p3 h2 h1 => p4 p3 h1 h2 ) - 1.0 * P( p4 p3 h2 h1 => p3 p4 h1 h2 ) ] * Sum ( h5 p6 p7 h8 ) * y+ ( h5 p6 ) * t ( p7 p6 h8 h2 ) * v ( h8 p4 h1 p7 ) * x ( p3 h5 )
[ + 1.0 - 1.0 * P( p3 p4 h2 h1 => p3 p4 h1 h2 ) ] * Sum ( h5 p6 h7 h8 ) * y+ ( h5 p6 ) * t ( p3 p4 h7 h2 ) * v ( h8 h7 h5 h1 ) * x ( p6 h8 )
[ + 1.0 - 1.0 * P( p3 p4 h2 h1 => p3 p4 h1 h2 ) ] * Sum ( h5 p6 h7 p8 ) * y+ ( h5 p6 ) * t ( p3 p4 h5 h2 ) * v ( h7 p6 h1 p8 ) * x ( p8 h7 )
[ - 1.0 + 1.0 * P( p3 p4 h2 h1 => p3 p4 h1 h2 ) ] * Sum ( h5 p6 h7 p8 ) * y+ ( h5 p6 ) * t ( p3 p4 h7 h2 ) * v ( h7 p6 h1 p8 ) * x ( p8 h5 )
[ - 1.0 + 1.0 * P( p4 p3 h2 h1 => p3 p4 h2 h1 ) + 1.0 * P( p4 p3 h2 h1 => p4 p3 h1 h2 ) - 1.0 * P( p4 p3 h2 h1 => p3 p4 h1 h2 ) ] * Sum ( h5 p6 h7 h8 ) * y+ ( h5 p6 ) * t ( p6 p4 h7 h2 ) * v ( h8 h7 h5 h1 ) * x ( p3 h8 )
[ - 1.0 + 1.0 * P( p4 p3 h2 h1 => p3 p4 h2 h1 ) + 1.0 * P( p4 p3 h2 h1 => p4 p3 h1 h2 ) - 1.0 * P( p4 p3 h2 h1 => p3 p4 h1 h2 ) ] * Sum ( h5 p6 p7 h8 ) * y+ ( h5 p6 ) * t ( p7 p4 h5 h2 ) * v ( h8 p6 h1 p7 ) * x ( p3 h8 )
[ + 1.0 - 1.0 * P( p4 p3 h2 h1 => p3 p4 h2 h1 ) - 1.0 * P( p4 p3 h2 h1 => p4 p3 h1 h2 ) + 1.0 * P( p4 p3 h2 h1 => p3 p4 h1 h2 ) ] * Sum ( h5 p6 p7 h8 ) * y+ ( h5 p6 ) * t ( p7 p4 h8 h2 ) * v ( h8 p6 h1 p7 ) * x ( p3 h5 )
[ + 1.0 - 1.0 * P( p3 p4 h1 h2 => p4 p3 h1 h2 ) - 1.0 * P( p3 p4 h1 h2 => p3 p4 h2 h1 ) + 1.0 * P( p3 p4 h1 h2 => p4 p3 h2 h1 ) ] * Sum ( h5 p6 h7 p8 ) * y+ ( h5 p6 ) * t ( p6 p3 h7 h5 ) * v ( h7 p4 h1 p8 ) * x ( p8 h2 )
[ - 1.0 + 1.0 * P( p3 p4 h1 h2 => p4 p3 h1 h2 ) + 1.0 * P( p3 p4 h1 h2 => p3 p4 h2 h1 ) - 1.0 * P( p3 p4 h1 h2 => p4 p3 h2 h1 ) ] * Sum ( h5 p6 p7 h8 ) * y+ ( h5 p6 ) * t ( p7 p3 h8 h5 ) * v ( h8 p4 h1 p7 ) * x ( p6 h2 )
[ + 1.0 - 1.0 * P( p4 p3 h1 h2 => p3 p4 h1 h2 ) - 1.0 * P( p4 p3 h1 h2 => p4 p3 h2 h1 ) + 1.0 * P( p4 p3 h1 h2 => p3 p4 h2 h1 ) ] * Sum ( h5 p6 p7 h8 ) * y+ ( h5 p6 ) * t ( p7 p6 h8 h5 ) * v ( h8 p4 h1 p7 ) * x ( p3 h2 )
[ + 0.5 - 0.5 * P( p3 p4 h1 h2 => p3 p4 h2 h1 ) ] * Sum ( h5 p6 h7 h8 ) * y+ ( h5 p6 ) * t ( p3 p4 h7 h8 ) * v ( h7 h8 h5 h1 ) * x ( p6 h2 )
[ + 1.0 - 1.0 * P( p3 p4 h1 h2 => p3 p4 h2 h1 ) ] * Sum ( h5 p6 h7 p8 ) * y+ ( h5 p6 ) * t ( p3 p4 h7 h5 ) * v ( h7 p6 h1 p8 ) * x ( p8 h2 )
[ - 0.5 + 0.5 * P( p4 p3 h1 h2 => p3 p4 h1 h2 ) + 0.5 * P( p4 p3 h1 h2 => p4 p3 h2 h1 ) - 0.5 * P( p4 p3 h1 h2 => p3 p4 h2 h1 ) ] * Sum ( h5 p6 h7 h8 ) * y+ ( h5 p6 ) * t ( p6 p4 h7 h8 ) * v ( h7 h8 h5 h1 ) * x ( p3 h2 )
[ - 1.0 + 1.0 * P( p4 p3 h1 h2 => p3 p4 h1 h2 ) + 1.0 * P( p4 p3 h1 h2 => p4 p3 h2 h1 ) - 1.0 * P( p4 p3 h1 h2 => p3 p4 h2 h1 ) ] * Sum ( h5 p6 p7 h8 ) * y+ ( h5 p6 ) * t ( p7 p4 h8 h5 ) * v ( h8 p6 h1 p7 ) * x ( p3 h2 )
[ + 1.0 ] * Sum ( h5 p6 p7 p8 ) * y+ ( h5 p6 ) * t ( p7 p6 h1 h2 ) * v ( p3 p4 p8 p7 ) * x ( p8 h5 )
[ - 1.0 + 1.0 * P( p3 p4 h1 h2 => p4 p3 h1 h2 ) ] * Sum ( h5 p6 h7 p8 ) * y+ ( h5 p6 ) * t ( p6 p3 h1 h2 ) * v ( h7 p4 h5 p8 ) * x ( p8 h7 )
[ + 1.0 - 1.0 * P( p3 p4 h1 h2 => p4 p3 h1 h2 ) ] * Sum ( h5 p6 p7 h8 ) * y+ ( h5 p6 ) * t ( p7 p3 h1 h2 ) * v ( h8 p4 h5 p7 ) * x ( p6 h8 )
[ - 1.0 + 1.0 * P( p3 p4 h1 h2 => p4 p3 h1 h2 ) ] * Sum ( h5 p6 p7 p8 ) * y+ ( h5 p6 ) * t ( p7 p3 h1 h2 ) * v ( p6 p4 p8 p7 ) * x ( p8 h5 )
[ - 1.0 + 1.0 * P( p4 p3 h1 h2 => p3 p4 h1 h2 ) ] * Sum ( h5 p6 p7 h8 ) * y+ ( h5 p6 ) * t ( p7 p6 h1 h2 ) * v ( h8 p4 h5 p7 ) * x ( p3 h8 )
[ - 0.5 + 0.5 * P( p4 p3 h1 h2 => p3 p4 h1 h2 ) ] * Sum ( h5 p6 p7 p8 ) * y+ ( h5 p6 ) * t ( p7 p8 h1 h2 ) * v ( p6 p4 p7 p8 ) * x ( p3 h5 )
[ + 1.0 - 1.0 * P( p4 p3 h1 h2 => p3 p4 h1 h2 ) ] * Sum ( h5 p6 p7 h8 ) * y+ ( h5 p6 ) * t ( p7 p4 h1 h2 ) * v ( h8 p6 h5 p7 ) * x ( p3 h8 )
[ + 1.0 - 1.0 * P( p3 p4 h1 h2 => p3 p4 h2 h1 ) ] * Sum ( h5 p6 p7 p8 ) * y+ ( h5 p6 ) * t ( p7 p6 h5 h1 ) * v ( p3 p4 p8 p7 ) * x ( p8 h2 )
[ + 0.5 - 0.5 * P( p3 p4 h1 h2 => p3 p4 h2 h1 ) ] * Sum ( h5 p6 p7 p8 ) * y+ ( h5 p6 ) * t ( p7 p8 h5 h1 ) * v ( p3 p4 p7 p8 ) * x ( p6 h2 )
[ - 1.0 + 1.0 * P( p3 p4 h1 h2 => p4 p3 h1 h2 ) + 1.0 * P( p3 p4 h1 h2 => p3 p4 h2 h1 ) - 1.0 * P( p3 p4 h1 h2 => p4 p3 h2 h1 ) ] * Sum ( h5 p6 h7 p8 ) * y+ ( h5 p6 ) * t ( p6 p3 h7 h1 ) * v ( h7 p4 h5 p8 ) * x ( p8 h2 )
[ + 1.0 - 1.0 * P( p3 p4 h1 h2 => p4 p3 h1 h2 ) - 1.0 * P( p3 p4 h1 h2 => p3 p4 h2 h1 ) + 1.0 * P( p3 p4 h1 h2 => p4 p3 h2 h1 ) ] * Sum ( h5 p6 p7 h8 ) * y+ ( h5 p6 ) * t ( p7 p3 h8 h1 ) * v ( h8 p4 h5 p7 ) * x ( p6 h2 )
[ - 1.0 + 1.0 * P( p3 p4 h1 h2 => p4 p3 h1 h2 ) + 1.0 * P( p3 p4 h1 h2 => p3 p4 h2 h1 ) - 1.0 * P( p3 p4 h1 h2 => p4 p3 h2 h1 ) ] * Sum ( h5 p6 p7 p8 ) * y+ ( h5 p6 ) * t ( p7 p3 h5 h1 ) * v ( p6 p4 p8 p7 ) * x ( p8 h2 )
[ - 1.0 + 1.0 * P( p4 p3 h1 h2 => p3 p4 h1 h2 ) + 1.0 * P( p4 p3 h1 h2 => p4 p3 h2 h1 ) - 1.0 * P( p4 p3 h1 h2 => p3 p4 h2 h1 ) ] * Sum ( h5 p6 p7 h8 ) * y+ ( h5 p6 ) * t ( p7 p6 h8 h1 ) * v ( h8 p4 h5 p7 ) * x ( p3 h2 )
[ - 0.5 + 0.5 * P( p4 p3 h1 h2 => p3 p4 h1 h2 ) + 0.5 * P( p4 p3 h1 h2 => p4 p3 h2 h1 ) - 0.5 * P( p4 p3 h1 h2 => p3 p4 h2 h1 ) ] * Sum ( h5 p6 p7 p8 ) * y+ ( h5 p6 ) * t ( p7 p8 h5 h1 ) * v ( p6 p4 p7 p8 ) * x ( p3 h2 )
[ - 1.0 + 1.0 * P( p3 p4 h1 h2 => p3 p4 h2 h1 ) ] * Sum ( h5 p6 h7 p8 ) * y+ ( h5 p6 ) * t ( p3 p4 h7 h1 ) * v ( h7 p6 h5 p8 ) * x ( p8 h2 )
[ + 1.0 - 1.0 * P( p4 p3 h1 h2 => p3 p4 h1 h2 ) - 1.0 * P( p4 p3 h1 h2 => p4 p3 h2 h1 ) + 1.0 * P( p4 p3 h1 h2 => p3 p4 h2 h1 ) ] * Sum ( h5 p6 p7 h8 ) * y+ ( h5 p6 ) * t ( p7 p4 h8 h1 ) * v ( h8 p6 h5 p7 ) * x ( p3 h2 )
