[ + 1.0 ] * Sum ( p3 h4 p5 h6 ) * v ( p3 p2 h4 h1 ) * x ( p5 h6 ) * y ( h6 h4 p5 p3 )
[ + 0.5 ] * Sum ( p3 p4 h5 h6 ) * v ( p3 p4 h5 h1 ) * x ( p2 h6 ) * y ( h6 h5 p3 p4 )
[ + 0.5 ] * Sum ( p3 h4 h5 p6 ) * v ( p3 p2 h4 h5 ) * x ( p6 h1 ) * y ( h4 h5 p6 p3 )
[ - 0.5 ] * Sum ( p3 p4 h5 h6 ) * f ( p3 h1 ) * x ( p4 p2 h5 h6 ) * y ( h5 h6 p4 p3 )
[ - 0.5 ] * Sum ( h3 p4 p5 h6 ) * f ( p2 h3 ) * x ( p4 p5 h6 h1 ) * y ( h6 h3 p4 p5 )
[ + 1.0 ] * Sum ( p3 h4 p5 h6 ) * f ( p3 h4 ) * x ( p5 p2 h6 h1 ) * y ( h6 h4 p5 p3 )
[ - 0.5 ] * Sum ( h3 h4 p5 p6 h7 ) * v ( h3 p2 h4 h1 ) * x ( p5 p6 h7 h3 ) * y ( h7 h4 p5 p6 )
[ - 0.5 ] * Sum ( p3 p4 p5 h6 h7 ) * v ( p3 p2 h1 p4 ) * x ( p5 p4 h6 h7 ) * y ( h6 h7 p5 p3 )
[ + 1.0 ] * Sum ( h3 p4 h5 p6 h7 ) * v ( h3 p4 h5 h1 ) * x ( p6 p2 h7 h3 ) * y ( h7 h5 p6 p4 )
[ + 0.25 ] * Sum ( p3 p4 p5 h6 h7 ) * v ( p3 p4 h1 p5 ) * x ( p5 p2 h6 h7 ) * y ( h6 h7 p3 p4 )
[ + 0.25 ] * Sum ( h3 h4 h5 p6 p7 ) * v ( h3 p2 h4 h5 ) * x ( p6 p7 h3 h1 ) * y ( h4 h5 p6 p7 )
[ + 1.0 ] * Sum ( p3 h4 p5 p6 h7 ) * v ( p3 p2 h4 p5 ) * x ( p6 p5 h7 h1 ) * y ( h7 h4 p6 p3 )
[ - 0.5 ] * Sum ( h3 p4 h5 h6 p7 ) * v ( h3 p4 h5 h6 ) * x ( p7 p2 h3 h1 ) * y ( h5 h6 p7 p4 )
[ - 0.5 ] * Sum ( p3 p4 h5 p6 h7 ) * v ( p3 p4 h5 p6 ) * x ( p6 p2 h7 h1 ) * y ( h7 h5 p3 p4 )
[ - 1.0 ] * Sum ( p3 h4 h5 p6 h7 ) * t ( p3 h4 ) * v ( h4 p2 h5 h1 ) * x ( p6 h7 ) * y ( h7 h5 p6 p3 )
[ - 1.0 ] * Sum ( p3 h4 p5 p6 h7 ) * t ( p3 h4 ) * v ( p5 p2 h1 p3 ) * x ( p6 h7 ) * y ( h7 h4 p6 p5 )
[ + 1.0 ] * Sum ( h3 p4 h5 p6 h7 ) * t ( p2 h3 ) * v ( h3 p4 h5 h1 ) * x ( p6 h7 ) * y ( h7 h5 p6 p4 )
[ + 1.0 ] * Sum ( p3 h4 p5 h6 h7 ) * t ( p3 h4 ) * v ( h4 p5 h6 h1 ) * x ( p2 h7 ) * y ( h7 h6 p5 p3 )
[ - 0.5 ] * Sum ( p3 h4 p5 p6 h7 ) * t ( p3 h4 ) * v ( p5 p6 h1 p3 ) * x ( p2 h7 ) * y ( h7 h4 p5 p6 )
[ + 1.0 ] * Sum ( p3 p4 h5 p6 h7 ) * t ( p3 h1 ) * v ( p4 p2 h5 p3 ) * x ( p6 h7 ) * y ( h7 h5 p6 p4 )
[ + 0.5 ] * Sum ( p3 p4 p5 h6 h7 ) * t ( p3 h1 ) * v ( p4 p5 h6 p3 ) * x ( p2 h7 ) * y ( h7 h6 p4 p5 )
[ - 0.5 ] * Sum ( p3 h4 h5 h6 p7 ) * t ( p3 h4 ) * v ( h4 p2 h5 h6 ) * x ( p7 h1 ) * y ( h5 h6 p7 p3 )
[ + 1.0 ] * Sum ( p3 h4 p5 h6 p7 ) * t ( p3 h4 ) * v ( p5 p2 h6 p3 ) * x ( p7 h1 ) * y ( h6 h4 p7 p5 )
[ + 0.5 ] * Sum ( h3 p4 h5 h6 p7 ) * t ( p2 h3 ) * v ( h3 p4 h5 h6 ) * x ( p7 h1 ) * y ( h5 h6 p7 p4 )
[ + 0.5 ] * Sum ( h3 p4 p5 h6 h7 ) * f ( h3 h1 ) * t ( p4 h3 ) * x ( p5 p2 h6 h7 ) * y ( h6 h7 p5 p4 )
[ - 0.5 ] * Sum ( p3 p4 p5 h6 h7 ) * f ( p3 p4 ) * t ( p4 h1 ) * x ( p5 p2 h6 h7 ) * y ( h6 h7 p5 p3 )
[ - 0.5 ] * Sum ( p3 h4 p5 p6 h7 ) * f ( p2 p3 ) * t ( p3 h4 ) * x ( p5 p6 h7 h1 ) * y ( h7 h4 p5 p6 )
[ + 0.5 ] * Sum ( h3 h4 p5 p6 h7 ) * f ( h3 h4 ) * t ( p2 h3 ) * x ( p5 p6 h7 h1 ) * y ( h7 h4 p5 p6 )
[ - 1.0 ] * Sum ( h3 h4 p5 p6 h7 ) * f ( h3 h4 ) * t ( p5 h3 ) * x ( p6 p2 h7 h1 ) * y ( h7 h4 p6 p5 )
[ + 1.0 ] * Sum ( p3 p4 h5 p6 h7 ) * f ( p3 p4 ) * t ( p4 h5 ) * x ( p6 p2 h7 h1 ) * y ( h7 h5 p6 p3 )
[ + 0.5 ] * Sum ( p3 h4 h5 p6 p7 h8 ) * t ( p3 h4 ) * v ( h5 p2 h1 p3 ) * x ( p6 p7 h8 h5 ) * y ( h8 h4 p6 p7 )
[ + 0.5 ] * Sum ( p3 h4 p5 p6 h7 h8 ) * t ( p3 h4 ) * v ( h4 p2 h1 p5 ) * x ( p6 p5 h7 h8 ) * y ( h7 h8 p6 p3 )
[ + 0.5 ] * Sum ( h3 h4 h5 p6 p7 h8 ) * t ( p2 h3 ) * v ( h4 h3 h5 h1 ) * x ( p6 p7 h8 h4 ) * y ( h8 h5 p6 p7 )
[ - 0.5 ] * Sum ( h3 p4 p5 p6 h7 h8 ) * t ( p2 h3 ) * v ( h3 p4 h1 p5 ) * x ( p6 p5 h7 h8 ) * y ( h7 h8 p6 p4 )
[ - 1.0 ] * Sum ( p3 h4 h5 h6 p7 h8 ) * t ( p3 h4 ) * v ( h5 h4 h6 h1 ) * x ( p7 p2 h8 h5 ) * y ( h8 h6 p7 p3 )
[ - 1.0 ] * Sum ( p3 h4 h5 p6 p7 h8 ) * t ( p3 h4 ) * v ( h5 p6 h1 p3 ) * x ( p7 p2 h8 h5 ) * y ( h8 h4 p7 p6 )
[ + 0.5 ] * Sum ( p3 h4 p5 p6 h7 h8 ) * t ( p3 h4 ) * v ( h4 p5 h1 p6 ) * x ( p6 p2 h7 h8 ) * y ( h7 h8 p5 p3 )
[ + 0.5 ] * Sum ( p3 h4 p5 p6 h7 h8 ) * t ( p3 h4 ) * v ( h4 p5 h1 p3 ) * x ( p6 p2 h7 h8 ) * y ( h7 h8 p6 p5 )
[ - 0.5 ] * Sum ( p3 h4 h5 p6 p7 h8 ) * t ( p3 h1 ) * v ( h4 p2 h5 p3 ) * x ( p6 p7 h8 h4 ) * y ( h8 h5 p6 p7 )
[ + 0.5 ] * Sum ( p3 p4 p5 p6 h7 h8 ) * t ( p3 h1 ) * v ( p4 p2 p5 p3 ) * x ( p6 p5 h7 h8 ) * y ( h7 h8 p6 p4 )
[ + 1.0 ] * Sum ( p3 h4 p5 h6 p7 h8 ) * t ( p3 h1 ) * v ( h4 p5 h6 p3 ) * x ( p7 p2 h8 h4 ) * y ( h8 h6 p7 p5 )
[ - 0.25 ] * Sum ( p3 p4 p5 p6 h7 h8 ) * t ( p3 h1 ) * v ( p4 p5 p6 p3 ) * x ( p6 p2 h7 h8 ) * y ( h7 h8 p4 p5 )
[ + 0.5 ] * Sum ( p3 h4 h5 h6 p7 p8 ) * t ( p3 h4 ) * v ( h5 p2 h6 p3 ) * x ( p7 p8 h5 h1 ) * y ( h6 h4 p7 p8 )
[ - 1.0 ] * Sum ( p3 h4 h5 p6 p7 h8 ) * t ( p3 h4 ) * v ( h4 p2 h5 p6 ) * x ( p7 p6 h8 h1 ) * y ( h8 h5 p7 p3 )
[ + 0.5 ] * Sum ( p3 h4 h5 p6 p7 h8 ) * t ( p3 h4 ) * v ( h4 p2 h5 p3 ) * x ( p6 p7 h8 h1 ) * y ( h8 h5 p6 p7 )
[ - 1.0 ] * Sum ( p3 h4 p5 p6 p7 h8 ) * t ( p3 h4 ) * v ( p5 p2 p6 p3 ) * x ( p7 p6 h8 h1 ) * y ( h8 h4 p7 p5 )
[ - 0.25 ] * Sum ( h3 h4 h5 h6 p7 p8 ) * t ( p2 h3 ) * v ( h4 h3 h5 h6 ) * x ( p7 p8 h4 h1 ) * y ( h5 h6 p7 p8 )
[ + 1.0 ] * Sum ( h3 p4 h5 p6 p7 h8 ) * t ( p2 h3 ) * v ( h3 p4 h5 p6 ) * x ( p7 p6 h8 h1 ) * y ( h8 h5 p7 p4 )
[ + 0.5 ] * Sum ( p3 h4 h5 h6 h7 p8 ) * t ( p3 h4 ) * v ( h5 h4 h6 h7 ) * x ( p8 p2 h5 h1 ) * y ( h6 h7 p8 p3 )
[ - 1.0 ] * Sum ( p3 h4 h5 p6 h7 p8 ) * t ( p3 h4 ) * v ( h5 p6 h7 p3 ) * x ( p8 p2 h5 h1 ) * y ( h7 h4 p8 p6 )
[ - 1.0 ] * Sum ( p3 h4 p5 h6 p7 h8 ) * t ( p3 h4 ) * v ( h4 p5 h6 p7 ) * x ( p7 p2 h8 h1 ) * y ( h8 h6 p5 p3 )
[ - 1.0 ] * Sum ( p3 h4 p5 h6 p7 h8 ) * t ( p3 h4 ) * v ( h4 p5 h6 p3 ) * x ( p7 p2 h8 h1 ) * y ( h8 h6 p7 p5 )
[ + 0.5 ] * Sum ( p3 h4 p5 p6 p7 h8 ) * t ( p3 h4 ) * v ( p5 p6 p7 p3 ) * x ( p7 p2 h8 h1 ) * y ( h8 h4 p5 p6 )
[ - 1.0 ] * Sum ( h3 p4 h5 p6 h7 ) * f ( h3 h1 ) * t ( p4 p2 h5 h3 ) * x ( p6 h7 ) * y ( h7 h5 p6 p4 )
[ - 0.5 ] * Sum ( h3 p4 p5 h6 h7 ) * f ( h3 h1 ) * t ( p4 p5 h6 h3 ) * x ( p2 h7 ) * y ( h7 h6 p4 p5 )
[ + 1.0 ] * Sum ( p3 p4 h5 p6 h7 ) * f ( p2 p3 ) * t ( p4 p3 h5 h1 ) * x ( p6 h7 ) * y ( h7 h5 p6 p4 )
[ - 1.0 ] * Sum ( h3 h4 p5 p6 h7 ) * f ( h3 h4 ) * t ( p5 p2 h3 h1 ) * x ( p6 h7 ) * y ( h7 h4 p6 p5 )
[ + 1.0 ] * Sum ( p3 p4 h5 p6 h7 ) * f ( p3 p4 ) * t ( p4 p2 h5 h1 ) * x ( p6 h7 ) * y ( h7 h5 p6 p3 )
[ - 0.5 ] * Sum ( h3 h4 p5 p6 h7 ) * f ( h3 h4 ) * t ( p5 p6 h3 h1 ) * x ( p2 h7 ) * y ( h7 h4 p5 p6 )
[ + 1.0 ] * Sum ( p3 p4 p5 h6 h7 ) * f ( p3 p4 ) * t ( p5 p4 h6 h1 ) * x ( p2 h7 ) * y ( h7 h6 p5 p3 )
[ + 0.5 ] * Sum ( p3 p4 h5 h6 p7 ) * f ( p2 p3 ) * t ( p4 p3 h5 h6 ) * x ( p7 h1 ) * y ( h5 h6 p7 p4 )
[ - 1.0 ] * Sum ( h3 h4 p5 h6 p7 ) * f ( h3 h4 ) * t ( p5 p2 h6 h3 ) * x ( p7 h1 ) * y ( h6 h4 p7 p5 )
[ + 0.5 ] * Sum ( p3 p4 h5 h6 p7 ) * f ( p3 p4 ) * t ( p4 p2 h5 h6 ) * x ( p7 h1 ) * y ( h5 h6 p7 p3 )
[ - 0.5 ] * Sum ( p3 p4 h5 h6 h7 p8 ) * t ( p3 p4 h5 h6 ) * v ( h7 p2 h1 p4 ) * x ( p8 h7 ) * y ( h5 h6 p8 p3 )
[ - 0.5 ] * Sum ( p3 p4 h5 h6 p7 h8 ) * t ( p3 p4 h5 h6 ) * v ( h6 p2 h1 p7 ) * x ( p7 h8 ) * y ( h8 h5 p3 p4 )
[ - 1.0 ] * Sum ( p3 p4 h5 h6 p7 h8 ) * t ( p3 p4 h5 h6 ) * v ( h6 p2 h1 p4 ) * x ( p7 h8 ) * y ( h8 h5 p7 p3 )
[ + 1.0 ] * Sum ( p3 h4 h5 h6 h7 p8 ) * t ( p3 p2 h4 h5 ) * v ( h6 h5 h7 h1 ) * x ( p8 h6 ) * y ( h7 h4 p8 p3 )
[ + 0.5 ] * Sum ( p3 h4 h5 h6 p7 h8 ) * t ( p3 p2 h4 h5 ) * v ( h4 h5 h6 h1 ) * x ( p7 h8 ) * y ( h8 h6 p7 p3 )
[ - 0.5 ] * Sum ( p3 h4 h5 h6 p7 p8 ) * t ( p3 p2 h4 h5 ) * v ( h6 p7 h1 p3 ) * x ( p8 h6 ) * y ( h4 h5 p8 p7 )
[ - 1.0 ] * Sum ( p3 h4 h5 p6 p7 h8 ) * t ( p3 p2 h4 h5 ) * v ( h5 p6 h1 p7 ) * x ( p7 h8 ) * y ( h8 h4 p6 p3 )
[ - 1.0 ] * Sum ( p3 h4 h5 p6 p7 h8 ) * t ( p3 p2 h4 h5 ) * v ( h5 p6 h1 p3 ) * x ( p7 h8 ) * y ( h8 h4 p7 p6 )
[ + 0.5 ] * Sum ( p3 p4 h5 h6 h7 h8 ) * t ( p3 p4 h5 h6 ) * v ( h7 h6 h8 h1 ) * x ( p2 h7 ) * y ( h8 h5 p3 p4 )
[ + 0.25 ] * Sum ( p3 p4 h5 h6 h7 h8 ) * t ( p3 p4 h5 h6 ) * v ( h5 h6 h7 h1 ) * x ( p2 h8 ) * y ( h8 h7 p3 p4 )
[ + 0.5 ] * Sum ( p3 p4 h5 h6 h7 p8 ) * t ( p3 p4 h5 h6 ) * v ( h7 p8 h1 p4 ) * x ( p2 h7 ) * y ( h5 h6 p8 p3 )
[ + 1.0 ] * Sum ( p3 p4 h5 h6 p7 h8 ) * t ( p3 p4 h5 h6 ) * v ( h6 p7 h1 p4 ) * x ( p2 h8 ) * y ( h8 h5 p7 p3 )
[ - 1.0 ] * Sum ( p3 p4 h5 h6 h7 p8 ) * t ( p3 p4 h5 h1 ) * v ( h6 p2 h7 p4 ) * x ( p8 h6 ) * y ( h7 h5 p8 p3 )
[ - 0.5 ] * Sum ( p3 p4 h5 h6 p7 h8 ) * t ( p3 p4 h5 h1 ) * v ( h5 p2 h6 p7 ) * x ( p7 h8 ) * y ( h8 h6 p3 p4 )
[ - 1.0 ] * Sum ( p3 p4 h5 h6 p7 h8 ) * t ( p3 p4 h5 h1 ) * v ( h5 p2 h6 p4 ) * x ( p7 h8 ) * y ( h8 h6 p7 p3 )
[ + 1.0 ] * Sum ( p3 p4 h5 p6 p7 h8 ) * t ( p3 p4 h5 h1 ) * v ( p6 p2 p7 p4 ) * x ( p7 h8 ) * y ( h8 h5 p6 p3 )
[ + 0.5 ] * Sum ( p3 p4 h5 p6 p7 h8 ) * t ( p3 p4 h5 h1 ) * v ( p6 p2 p3 p4 ) * x ( p7 h8 ) * y ( h8 h5 p7 p6 )
[ + 0.5 ] * Sum ( p3 h4 h5 h6 h7 p8 ) * t ( p3 p2 h4 h1 ) * v ( h5 h4 h6 h7 ) * x ( p8 h5 ) * y ( h6 h7 p8 p3 )
[ - 1.0 ] * Sum ( p3 h4 h5 p6 h7 p8 ) * t ( p3 p2 h4 h1 ) * v ( h5 p6 h7 p3 ) * x ( p8 h5 ) * y ( h7 h4 p8 p6 )
[ - 1.0 ] * Sum ( p3 h4 p5 h6 p7 h8 ) * t ( p3 p2 h4 h1 ) * v ( h4 p5 h6 p7 ) * x ( p7 h8 ) * y ( h8 h6 p5 p3 )
[ - 1.0 ] * Sum ( p3 h4 p5 h6 p7 h8 ) * t ( p3 p2 h4 h1 ) * v ( h4 p5 h6 p3 ) * x ( p7 h8 ) * y ( h8 h6 p7 p5 )
[ + 0.5 ] * Sum ( p3 h4 p5 p6 p7 h8 ) * t ( p3 p2 h4 h1 ) * v ( p5 p6 p7 p3 ) * x ( p7 h8 ) * y ( h8 h4 p5 p6 )
[ + 0.25 ] * Sum ( p3 p4 h5 h6 h7 h8 ) * t ( p3 p4 h5 h1 ) * v ( h6 h5 h7 h8 ) * x ( p2 h6 ) * y ( h7 h8 p3 p4 )
[ + 1.0 ] * Sum ( p3 p4 h5 h6 p7 h8 ) * t ( p3 p4 h5 h1 ) * v ( h6 p7 h8 p4 ) * x ( p2 h6 ) * y ( h8 h5 p7 p3 )
[ + 1.0 ] * Sum ( p3 p4 h5 p6 h7 h8 ) * t ( p3 p4 h5 h1 ) * v ( h5 p6 h7 p4 ) * x ( p2 h8 ) * y ( h8 h7 p6 p3 )
[ + 0.25 ] * Sum ( p3 p4 h5 p6 p7 h8 ) * t ( p3 p4 h5 h1 ) * v ( p6 p7 p3 p4 ) * x ( p2 h8 ) * y ( h8 h5 p6 p7 )
[ + 0.5 ] * Sum ( p3 p4 h5 h6 h7 p8 ) * t ( p3 p4 h5 h6 ) * v ( h6 p2 h7 p8 ) * x ( p8 h1 ) * y ( h7 h5 p3 p4 )
[ + 1.0 ] * Sum ( p3 p4 h5 h6 h7 p8 ) * t ( p3 p4 h5 h6 ) * v ( h6 p2 h7 p4 ) * x ( p8 h1 ) * y ( h7 h5 p8 p3 )
[ + 0.5 ] * Sum ( p3 p4 h5 h6 p7 p8 ) * t ( p3 p4 h5 h6 ) * v ( p7 p2 p8 p4 ) * x ( p8 h1 ) * y ( h5 h6 p7 p3 )
[ + 0.25 ] * Sum ( p3 p4 h5 h6 p7 p8 ) * t ( p3 p4 h5 h6 ) * v ( p7 p2 p3 p4 ) * x ( p8 h1 ) * y ( h5 h6 p8 p7 )
[ + 0.25 ] * Sum ( p3 h4 h5 h6 h7 p8 ) * t ( p3 p2 h4 h5 ) * v ( h4 h5 h6 h7 ) * x ( p8 h1 ) * y ( h6 h7 p8 p3 )
[ + 1.0 ] * Sum ( p3 h4 h5 p6 h7 p8 ) * t ( p3 p2 h4 h5 ) * v ( h5 p6 h7 p8 ) * x ( p8 h1 ) * y ( h7 h4 p6 p3 )
[ + 1.0 ] * Sum ( p3 h4 h5 p6 h7 p8 ) * t ( p3 p2 h4 h5 ) * v ( h5 p6 h7 p3 ) * x ( p8 h1 ) * y ( h7 h4 p8 p6 )
[ + 0.25 ] * Sum ( p3 h4 h5 p6 p7 p8 ) * t ( p3 p2 h4 h5 ) * v ( p6 p7 p8 p3 ) * x ( p8 h1 ) * y ( h4 h5 p6 p7 )
[ - 0.5 ] * Sum ( h3 p4 h5 p6 p7 h8 ) * f ( h3 p4 ) * t ( p4 p2 h5 h1 ) * x ( p6 p7 h8 h3 ) * y ( h8 h5 p6 p7 )
[ - 0.5 ] * Sum ( h3 p4 p5 p6 h7 h8 ) * f ( h3 p4 ) * t ( p5 p2 h3 h1 ) * x ( p6 p4 h7 h8 ) * y ( h7 h8 p6 p5 )
[ - 1.0 ] * Sum ( h3 p4 p5 h6 p7 h8 ) * f ( h3 p4 ) * t ( p5 p4 h6 h1 ) * x ( p7 p2 h8 h3 ) * y ( h8 h6 p7 p5 )
[ + 0.25 ] * Sum ( h3 p4 p5 p6 h7 h8 ) * f ( h3 p4 ) * t ( p5 p6 h3 h1 ) * x ( p4 p2 h7 h8 ) * y ( h7 h8 p5 p6 )
[ + 0.5 ] * Sum ( h3 p4 p5 p6 h7 h8 ) * f ( h3 p4 ) * t ( p5 p4 h3 h1 ) * x ( p6 p2 h7 h8 ) * y ( h7 h8 p6 p5 )
[ + 0.25 ] * Sum ( h3 p4 h5 h6 p7 p8 ) * f ( h3 p4 ) * t ( p4 p2 h5 h6 ) * x ( p7 p8 h3 h1 ) * y ( h5 h6 p7 p8 )
[ - 1.0 ] * Sum ( h3 p4 p5 h6 p7 h8 ) * f ( h3 p4 ) * t ( p5 p2 h6 h3 ) * x ( p7 p4 h8 h1 ) * y ( h8 h6 p7 p5 )
[ + 0.5 ] * Sum ( h3 p4 h5 p6 p7 h8 ) * f ( h3 p4 ) * t ( p4 p2 h5 h3 ) * x ( p6 p7 h8 h1 ) * y ( h8 h5 p6 p7 )
[ + 0.5 ] * Sum ( h3 p4 p5 h6 h7 p8 ) * f ( h3 p4 ) * t ( p5 p4 h6 h7 ) * x ( p8 p2 h3 h1 ) * y ( h6 h7 p8 p5 )
[ + 0.5 ] * Sum ( h3 p4 p5 p6 h7 h8 ) * f ( h3 p4 ) * t ( p5 p6 h7 h3 ) * x ( p4 p2 h8 h1 ) * y ( h8 h7 p5 p6 )
[ + 1.0 ] * Sum ( h3 p4 p5 h6 p7 h8 ) * f ( h3 p4 ) * t ( p5 p4 h6 h3 ) * x ( p7 p2 h8 h1 ) * y ( h8 h6 p7 p5 )
[ + 0.125 ] * Sum ( p3 h4 h5 h6 h7 p8 p9 ) * t ( p3 p2 h4 h5 ) * v ( h6 h7 h1 p3 ) * x ( p8 p9 h6 h7 ) * y ( h4 h5 p8 p9 )
[ + 1.0 ] * Sum ( p3 h4 h5 h6 p7 p8 h9 ) * t ( p3 p2 h4 h5 ) * v ( h6 h5 h1 p7 ) * x ( p8 p7 h9 h6 ) * y ( h9 h4 p8 p3 )
[ - 0.5 ] * Sum ( p3 h4 h5 h6 p7 p8 h9 ) * t ( p3 p2 h4 h5 ) * v ( h6 h5 h1 p3 ) * x ( p7 p8 h9 h6 ) * y ( h9 h4 p7 p8 )
[ - 0.25 ] * Sum ( p3 h4 h5 p6 p7 h8 h9 ) * t ( p3 p2 h4 h5 ) * v ( h4 h5 h1 p6 ) * x ( p7 p6 h8 h9 ) * y ( h8 h9 p7 p3 )
[ + 0.25 ] * Sum ( p3 p4 h5 h6 h7 h8 p9 ) * t ( p3 p4 h5 h6 ) * v ( h7 h8 h1 p4 ) * x ( p9 p2 h7 h8 ) * y ( h5 h6 p9 p3 )
[ - 0.5 ] * Sum ( p3 p4 h5 h6 h7 p8 h9 ) * t ( p3 p4 h5 h6 ) * v ( h7 h6 h1 p8 ) * x ( p8 p2 h9 h7 ) * y ( h9 h5 p3 p4 )
[ - 1.0 ] * Sum ( p3 p4 h5 h6 h7 p8 h9 ) * t ( p3 p4 h5 h6 ) * v ( h7 h6 h1 p4 ) * x ( p8 p2 h9 h7 ) * y ( h9 h5 p8 p3 )
[ + 0.125 ] * Sum ( p3 p4 h5 h6 p7 h8 h9 ) * t ( p3 p4 h5 h6 ) * v ( h5 h6 h1 p7 ) * x ( p7 p2 h8 h9 ) * y ( h8 h9 p3 p4 )
[ + 0.25 ] * Sum ( p3 p4 h5 h6 p7 h8 h9 ) * t ( p3 p4 h5 h6 ) * v ( h5 h6 h1 p4 ) * x ( p7 p2 h8 h9 ) * y ( h8 h9 p7 p3 )
[ + 1.0 ] * Sum ( p3 p4 h5 h6 p7 p8 h9 ) * t ( p3 p4 h5 h1 ) * v ( h6 p2 p7 p4 ) * x ( p8 p7 h9 h6 ) * y ( h9 h5 p8 p3 )
[ - 0.25 ] * Sum ( p3 p4 h5 h6 p7 p8 h9 ) * t ( p3 p4 h5 h1 ) * v ( h6 p2 p3 p4 ) * x ( p7 p8 h9 h6 ) * y ( h9 h5 p7 p8 )
[ + 0.125 ] * Sum ( p3 p4 h5 p6 p7 h8 h9 ) * t ( p3 p4 h5 h1 ) * v ( h5 p2 p6 p7 ) * x ( p6 p7 h8 h9 ) * y ( h8 h9 p3 p4 )
[ - 0.5 ] * Sum ( p3 p4 h5 p6 p7 h8 h9 ) * t ( p3 p4 h5 h1 ) * v ( h5 p2 p6 p4 ) * x ( p7 p6 h8 h9 ) * y ( h8 h9 p7 p3 )
[ + 0.25 ] * Sum ( p3 h4 h5 h6 h7 p8 p9 ) * t ( p3 p2 h4 h1 ) * v ( h5 h6 h7 p3 ) * x ( p8 p9 h5 h6 ) * y ( h7 h4 p8 p9 )
[ + 1.0 ] * Sum ( p3 h4 h5 h6 p7 p8 h9 ) * t ( p3 p2 h4 h1 ) * v ( h5 h4 h6 p7 ) * x ( p8 p7 h9 h5 ) * y ( h9 h6 p8 p3 )
[ - 0.5 ] * Sum ( p3 h4 h5 h6 p7 p8 h9 ) * t ( p3 p2 h4 h1 ) * v ( h5 h4 h6 p3 ) * x ( p7 p8 h9 h5 ) * y ( h9 h6 p7 p8 )
[ + 1.0 ] * Sum ( p3 h4 h5 p6 p7 p8 h9 ) * t ( p3 p2 h4 h1 ) * v ( h5 p6 p7 p3 ) * x ( p8 p7 h9 h5 ) * y ( h9 h4 p8 p6 )
[ + 0.25 ] * Sum ( p3 h4 p5 p6 p7 h8 h9 ) * t ( p3 p2 h4 h1 ) * v ( h4 p5 p6 p7 ) * x ( p6 p7 h8 h9 ) * y ( h8 h9 p5 p3 )
[ - 0.5 ] * Sum ( p3 h4 p5 p6 p7 h8 h9 ) * t ( p3 p2 h4 h1 ) * v ( h4 p5 p6 p3 ) * x ( p7 p6 h8 h9 ) * y ( h8 h9 p7 p5 )
[ + 0.5 ] * Sum ( p3 p4 h5 h6 h7 h8 p9 ) * t ( p3 p4 h5 h1 ) * v ( h6 h7 h8 p4 ) * x ( p9 p2 h6 h7 ) * y ( h8 h5 p9 p3 )
[ - 0.5 ] * Sum ( p3 p4 h5 h6 h7 p8 h9 ) * t ( p3 p4 h5 h1 ) * v ( h6 h5 h7 p8 ) * x ( p8 p2 h9 h6 ) * y ( h9 h7 p3 p4 )
[ - 1.0 ] * Sum ( p3 p4 h5 h6 h7 p8 h9 ) * t ( p3 p4 h5 h1 ) * v ( h6 h5 h7 p4 ) * x ( p8 p2 h9 h6 ) * y ( h9 h7 p8 p3 )
[ + 1.0 ] * Sum ( p3 p4 h5 h6 p7 p8 h9 ) * t ( p3 p4 h5 h1 ) * v ( h6 p7 p8 p4 ) * x ( p8 p2 h9 h6 ) * y ( h9 h5 p7 p3 )
[ + 0.5 ] * Sum ( p3 p4 h5 h6 p7 p8 h9 ) * t ( p3 p4 h5 h1 ) * v ( h6 p7 p3 p4 ) * x ( p8 p2 h9 h6 ) * y ( h9 h5 p8 p7 )
[ - 0.5 ] * Sum ( p3 p4 h5 p6 p7 h8 h9 ) * t ( p3 p4 h5 h1 ) * v ( h5 p6 p7 p4 ) * x ( p7 p2 h8 h9 ) * y ( h8 h9 p6 p3 )
[ - 0.25 ] * Sum ( p3 p4 h5 p6 p7 h8 h9 ) * t ( p3 p4 h5 h1 ) * v ( h5 p6 p3 p4 ) * x ( p7 p2 h8 h9 ) * y ( h8 h9 p7 p6 )
[ - 0.5 ] * Sum ( p3 p4 h5 h6 h7 p8 p9 ) * t ( p3 p4 h5 h6 ) * v ( h7 p2 p8 p4 ) * x ( p9 p8 h7 h1 ) * y ( h5 h6 p9 p3 )
[ + 0.125 ] * Sum ( p3 p4 h5 h6 h7 p8 p9 ) * t ( p3 p4 h5 h6 ) * v ( h7 p2 p3 p4 ) * x ( p8 p9 h7 h1 ) * y ( h5 h6 p8 p9 )
[ + 0.25 ] * Sum ( p3 p4 h5 h6 p7 p8 h9 ) * t ( p3 p4 h5 h6 ) * v ( h6 p2 p7 p8 ) * x ( p7 p8 h9 h1 ) * y ( h9 h5 p3 p4 )
[ - 1.0 ] * Sum ( p3 p4 h5 h6 p7 p8 h9 ) * t ( p3 p4 h5 h6 ) * v ( h6 p2 p7 p4 ) * x ( p8 p7 h9 h1 ) * y ( h9 h5 p8 p3 )
[ + 0.25 ] * Sum ( p3 p4 h5 h6 p7 p8 h9 ) * t ( p3 p4 h5 h6 ) * v ( h6 p2 p3 p4 ) * x ( p7 p8 h9 h1 ) * y ( h9 h5 p7 p8 )
[ + 1.0 ] * Sum ( p3 h4 h5 h6 h7 p8 p9 ) * t ( p3 p2 h4 h5 ) * v ( h6 h5 h7 p8 ) * x ( p9 p8 h6 h1 ) * y ( h7 h4 p9 p3 )
[ - 0.5 ] * Sum ( p3 h4 h5 h6 h7 p8 p9 ) * t ( p3 p2 h4 h5 ) * v ( h6 h5 h7 p3 ) * x ( p8 p9 h6 h1 ) * y ( h7 h4 p8 p9 )
[ + 0.5 ] * Sum ( p3 h4 h5 h6 p7 p8 h9 ) * t ( p3 p2 h4 h5 ) * v ( h4 h5 h6 p7 ) * x ( p8 p7 h9 h1 ) * y ( h9 h6 p8 p3 )
[ - 0.25 ] * Sum ( p3 h4 h5 h6 p7 p8 h9 ) * t ( p3 p2 h4 h5 ) * v ( h4 h5 h6 p3 ) * x ( p7 p8 h9 h1 ) * y ( h9 h6 p7 p8 )
[ - 0.5 ] * Sum ( p3 h4 h5 h6 p7 p8 p9 ) * t ( p3 p2 h4 h5 ) * v ( h6 p7 p8 p3 ) * x ( p9 p8 h6 h1 ) * y ( h4 h5 p9 p7 )
[ + 0.5 ] * Sum ( p3 h4 h5 p6 p7 p8 h9 ) * t ( p3 p2 h4 h5 ) * v ( h5 p6 p7 p8 ) * x ( p7 p8 h9 h1 ) * y ( h9 h4 p6 p3 )
[ - 1.0 ] * Sum ( p3 h4 h5 p6 p7 p8 h9 ) * t ( p3 p2 h4 h5 ) * v ( h5 p6 p7 p3 ) * x ( p8 p7 h9 h1 ) * y ( h9 h4 p8 p6 )
[ - 0.5 ] * Sum ( p3 p4 h5 h6 h7 h8 p9 ) * t ( p3 p4 h5 h6 ) * v ( h7 h6 h8 p9 ) * x ( p9 p2 h7 h1 ) * y ( h8 h5 p3 p4 )
[ - 1.0 ] * Sum ( p3 p4 h5 h6 h7 h8 p9 ) * t ( p3 p4 h5 h6 ) * v ( h7 h6 h8 p4 ) * x ( p9 p2 h7 h1 ) * y ( h8 h5 p9 p3 )
[ - 0.25 ] * Sum ( p3 p4 h5 h6 h7 p8 h9 ) * t ( p3 p4 h5 h6 ) * v ( h5 h6 h7 p8 ) * x ( p8 p2 h9 h1 ) * y ( h9 h7 p3 p4 )
[ - 0.5 ] * Sum ( p3 p4 h5 h6 h7 p8 h9 ) * t ( p3 p4 h5 h6 ) * v ( h5 h6 h7 p4 ) * x ( p8 p2 h9 h1 ) * y ( h9 h7 p8 p3 )
[ - 0.5 ] * Sum ( p3 p4 h5 h6 h7 p8 p9 ) * t ( p3 p4 h5 h6 ) * v ( h7 p8 p9 p4 ) * x ( p9 p2 h7 h1 ) * y ( h5 h6 p8 p3 )
[ - 0.25 ] * Sum ( p3 p4 h5 h6 h7 p8 p9 ) * t ( p3 p4 h5 h6 ) * v ( h7 p8 p3 p4 ) * x ( p9 p2 h7 h1 ) * y ( h5 h6 p9 p8 )
[ - 1.0 ] * Sum ( p3 p4 h5 h6 p7 p8 h9 ) * t ( p3 p4 h5 h6 ) * v ( h6 p7 p8 p4 ) * x ( p8 p2 h9 h1 ) * y ( h9 h5 p7 p3 )
[ - 0.5 ] * Sum ( p3 p4 h5 h6 p7 p8 h9 ) * t ( p3 p4 h5 h6 ) * v ( h6 p7 p3 p4 ) * x ( p8 p2 h9 h1 ) * y ( h9 h5 p8 p7 )
[ + 1.0 ] * Sum ( p3 h4 p5 h6 p7 h8 ) * t ( p3 h4 ) * t ( p5 h6 ) * v ( h6 p2 h1 p3 ) * x ( p7 h8 ) * y ( h8 h4 p7 p5 )
[ + 1.0 ] * Sum ( h3 p4 h5 h6 p7 h8 ) * t ( p2 h3 ) * t ( p4 h5 ) * v ( h5 h3 h6 h1 ) * x ( p7 h8 ) * y ( h8 h6 p7 p4 )
[ - 1.0 ] * Sum ( h3 p4 h5 p6 p7 h8 ) * t ( p2 h3 ) * t ( p4 h5 ) * v ( h3 p6 h1 p4 ) * x ( p7 h8 ) * y ( h8 h5 p7 p6 )
[ + 0.5 ] * Sum ( p3 h4 p5 h6 h7 h8 ) * t ( p3 h4 ) * t ( p5 h6 ) * v ( h6 h4 h7 h1 ) * x ( p2 h8 ) * y ( h8 h7 p5 p3 )
[ - 1.0 ] * Sum ( p3 h4 p5 h6 p7 h8 ) * t ( p3 h4 ) * t ( p5 h6 ) * v ( h6 p7 h1 p3 ) * x ( p2 h8 ) * y ( h8 h4 p7 p5 )
[ - 1.0 ] * Sum ( p3 p4 h5 h6 p7 h8 ) * t ( p3 h1 ) * t ( p4 h5 ) * v ( h5 p2 h6 p3 ) * x ( p7 h8 ) * y ( h8 h6 p7 p4 )
[ + 1.0 ] * Sum ( p3 p4 h5 p6 p7 h8 ) * t ( p3 h1 ) * t ( p4 h5 ) * v ( p6 p2 p4 p3 ) * x ( p7 h8 ) * y ( h8 h5 p7 p6 )
[ + 1.0 ] * Sum ( h3 p4 p5 h6 p7 h8 ) * t ( p2 h3 ) * t ( p4 h1 ) * v ( h3 p5 h6 p4 ) * x ( p7 h8 ) * y ( h8 h6 p7 p5 )
[ + 1.0 ] * Sum ( p3 p4 h5 p6 h7 h8 ) * t ( p3 h1 ) * t ( p4 h5 ) * v ( h5 p6 h7 p3 ) * x ( p2 h8 ) * y ( h8 h7 p6 p4 )
[ + 0.5 ] * Sum ( p3 p4 h5 p6 p7 h8 ) * t ( p3 h1 ) * t ( p4 h5 ) * v ( p6 p7 p4 p3 ) * x ( p2 h8 ) * y ( h8 h5 p6 p7 )
[ - 1.0 ] * Sum ( p3 h4 p5 h6 h7 p8 ) * t ( p3 h4 ) * t ( p5 h6 ) * v ( h6 p2 h7 p3 ) * x ( p8 h1 ) * y ( h7 h4 p8 p5 )
[ + 0.5 ] * Sum ( p3 h4 p5 h6 p7 p8 ) * t ( p3 h4 ) * t ( p5 h6 ) * v ( p7 p2 p5 p3 ) * x ( p8 h1 ) * y ( h6 h4 p8 p7 )
[ + 0.5 ] * Sum ( h3 p4 h5 h6 h7 p8 ) * t ( p2 h3 ) * t ( p4 h5 ) * v ( h5 h3 h6 h7 ) * x ( p8 h1 ) * y ( h6 h7 p8 p4 )
[ + 1.0 ] * Sum ( h3 p4 h5 p6 h7 p8 ) * t ( p2 h3 ) * t ( p4 h5 ) * v ( h3 p6 h7 p4 ) * x ( p8 h1 ) * y ( h7 h5 p8 p6 )
[ + 0.5 ] * Sum ( p3 p4 h5 p6 h7 h8 ) * t ( p3 h1 ) * t ( p4 h5 ) * f ( h5 p3 ) * x ( p6 p2 h7 h8 ) * y ( h7 h8 p6 p4 )
[ + 0.5 ] * Sum ( h3 p4 h5 p6 p7 h8 ) * t ( p2 h3 ) * t ( p4 h5 ) * f ( h3 p4 ) * x ( p6 p7 h8 h1 ) * y ( h8 h5 p6 p7 )
[ - 1.0 ] * Sum ( p3 h4 p5 h6 p7 h8 ) * t ( p3 h4 ) * t ( p5 h6 ) * f ( h6 p3 ) * x ( p7 p2 h8 h1 ) * y ( h8 h4 p7 p5 )
[ - 0.5 ] * Sum ( h3 p4 h5 h6 p7 p8 h9 ) * t ( p2 h3 ) * t ( p4 h5 ) * v ( h6 h3 h1 p4 ) * x ( p7 p8 h9 h6 ) * y ( h9 h5 p7 p8 )
[ - 0.5 ] * Sum ( h3 p4 h5 p6 p7 h8 h9 ) * t ( p2 h3 ) * t ( p4 h5 ) * v ( h5 h3 h1 p6 ) * x ( p7 p6 h8 h9 ) * y ( h8 h9 p7 p4 )
[ + 1.0 ] * Sum ( p3 h4 p5 h6 h7 p8 h9 ) * t ( p3 h4 ) * t ( p5 h6 ) * v ( h7 h6 h1 p3 ) * x ( p8 p2 h9 h7 ) * y ( h9 h4 p8 p5 )
[ + 0.25 ] * Sum ( p3 h4 p5 h6 p7 h8 h9 ) * t ( p3 h4 ) * t ( p5 h6 ) * v ( h6 h4 h1 p7 ) * x ( p7 p2 h8 h9 ) * y ( h8 h9 p5 p3 )
[ - 0.5 ] * Sum ( p3 h4 p5 h6 p7 h8 h9 ) * t ( p3 h4 ) * t ( p5 h6 ) * v ( h6 h4 h1 p5 ) * x ( p7 p2 h8 h9 ) * y ( h8 h9 p7 p3 )
[ - 0.5 ] * Sum ( p3 p4 h5 h6 p7 p8 h9 ) * t ( p3 h1 ) * t ( p4 h5 ) * v ( h6 p2 p4 p3 ) * x ( p7 p8 h9 h6 ) * y ( h9 h5 p7 p8 )
[ - 0.5 ] * Sum ( p3 p4 h5 p6 p7 h8 h9 ) * t ( p3 h1 ) * t ( p4 h5 ) * v ( h5 p2 p6 p3 ) * x ( p7 p6 h8 h9 ) * y ( h8 h9 p7 p4 )
[ + 0.5 ] * Sum ( h3 p4 h5 h6 p7 p8 h9 ) * t ( p2 h3 ) * t ( p4 h1 ) * v ( h5 h3 h6 p4 ) * x ( p7 p8 h9 h5 ) * y ( h9 h6 p7 p8 )
[ + 0.5 ] * Sum ( h3 p4 p5 p6 p7 h8 h9 ) * t ( p2 h3 ) * t ( p4 h1 ) * v ( h3 p5 p6 p4 ) * x ( p7 p6 h8 h9 ) * y ( h8 h9 p7 p5 )
[ - 1.0 ] * Sum ( p3 p4 h5 h6 h7 p8 h9 ) * t ( p3 h1 ) * t ( p4 h5 ) * v ( h6 h5 h7 p3 ) * x ( p8 p2 h9 h6 ) * y ( h9 h7 p8 p4 )
[ + 1.0 ] * Sum ( p3 p4 h5 h6 p7 p8 h9 ) * t ( p3 h1 ) * t ( p4 h5 ) * v ( h6 p7 p4 p3 ) * x ( p8 p2 h9 h6 ) * y ( h9 h5 p8 p7 )
[ - 0.5 ] * Sum ( p3 p4 h5 p6 p7 h8 h9 ) * t ( p3 h1 ) * t ( p4 h5 ) * v ( h5 p6 p7 p3 ) * x ( p7 p2 h8 h9 ) * y ( h8 h9 p6 p4 )
[ - 0.5 ] * Sum ( p3 p4 h5 p6 p7 h8 h9 ) * t ( p3 h1 ) * t ( p4 h5 ) * v ( h5 p6 p4 p3 ) * x ( p7 p2 h8 h9 ) * y ( h8 h9 p7 p6 )
[ + 0.25 ] * Sum ( p3 h4 p5 h6 h7 p8 p9 ) * t ( p3 h4 ) * t ( p5 h6 ) * v ( h7 p2 p5 p3 ) * x ( p8 p9 h7 h1 ) * y ( h6 h4 p8 p9 )
[ + 1.0 ] * Sum ( p3 h4 p5 h6 p7 p8 h9 ) * t ( p3 h4 ) * t ( p5 h6 ) * v ( h6 p2 p7 p3 ) * x ( p8 p7 h9 h1 ) * y ( h9 h4 p8 p5 )
[ - 0.5 ] * Sum ( p3 h4 p5 h6 p7 p8 h9 ) * t ( p3 h4 ) * t ( p5 h6 ) * v ( h6 p2 p5 p3 ) * x ( p7 p8 h9 h1 ) * y ( h9 h4 p7 p8 )
[ - 0.5 ] * Sum ( h3 p4 h5 h6 h7 p8 p9 ) * t ( p2 h3 ) * t ( p4 h5 ) * v ( h6 h3 h7 p4 ) * x ( p8 p9 h6 h1 ) * y ( h7 h5 p8 p9 )
[ + 1.0 ] * Sum ( h3 p4 h5 h6 p7 p8 h9 ) * t ( p2 h3 ) * t ( p4 h5 ) * v ( h5 h3 h6 p7 ) * x ( p8 p7 h9 h1 ) * y ( h9 h6 p8 p4 )
[ - 0.5 ] * Sum ( h3 p4 h5 h6 p7 p8 h9 ) * t ( p2 h3 ) * t ( p4 h5 ) * v ( h5 h3 h6 p4 ) * x ( p7 p8 h9 h1 ) * y ( h9 h6 p7 p8 )
[ - 1.0 ] * Sum ( h3 p4 h5 p6 p7 p8 h9 ) * t ( p2 h3 ) * t ( p4 h5 ) * v ( h3 p6 p7 p4 ) * x ( p8 p7 h9 h1 ) * y ( h9 h5 p8 p6 )
[ + 1.0 ] * Sum ( p3 h4 p5 h6 h7 h8 p9 ) * t ( p3 h4 ) * t ( p5 h6 ) * v ( h7 h6 h8 p3 ) * x ( p9 p2 h7 h1 ) * y ( h8 h4 p9 p5 )
[ - 0.5 ] * Sum ( p3 h4 p5 h6 h7 p8 h9 ) * t ( p3 h4 ) * t ( p5 h6 ) * v ( h6 h4 h7 p8 ) * x ( p8 p2 h9 h1 ) * y ( h9 h7 p5 p3 )
[ + 1.0 ] * Sum ( p3 h4 p5 h6 h7 p8 h9 ) * t ( p3 h4 ) * t ( p5 h6 ) * v ( h6 h4 h7 p5 ) * x ( p8 p2 h9 h1 ) * y ( h9 h7 p8 p3 )
[ - 0.5 ] * Sum ( p3 h4 p5 h6 h7 p8 p9 ) * t ( p3 h4 ) * t ( p5 h6 ) * v ( h7 p8 p5 p3 ) * x ( p9 p2 h7 h1 ) * y ( h6 h4 p9 p8 )
[ + 1.0 ] * Sum ( p3 h4 p5 h6 p7 p8 h9 ) * t ( p3 h4 ) * t ( p5 h6 ) * v ( h6 p7 p8 p3 ) * x ( p8 p2 h9 h1 ) * y ( h9 h4 p7 p5 )
[ + 1.0 ] * Sum ( p3 h4 p5 h6 p7 p8 h9 ) * t ( p3 h4 ) * t ( p5 h6 ) * v ( h6 p7 p5 p3 ) * x ( p8 p2 h9 h1 ) * y ( h9 h4 p8 p7 )
[ - 1.0 ] * Sum ( h3 p4 p5 h6 p7 h8 ) * f ( h3 p4 ) * t ( p5 p2 h6 h3 ) * t ( p4 h1 ) * x ( p7 h8 ) * y ( h8 h6 p7 p5 )
[ - 0.5 ] * Sum ( h3 p4 p5 p6 h7 h8 ) * f ( h3 p4 ) * t ( p5 p6 h7 h3 ) * t ( p4 h1 ) * x ( p2 h8 ) * y ( h8 h7 p5 p6 )
[ - 1.0 ] * Sum ( h3 p4 p5 h6 p7 h8 ) * f ( h3 p4 ) * t ( p5 p4 h6 h1 ) * t ( p2 h3 ) * x ( p7 h8 ) * y ( h8 h6 p7 p5 )
[ - 1.0 ] * Sum ( h3 p4 p5 h6 p7 h8 ) * f ( h3 p4 ) * t ( p5 p2 h3 h1 ) * t ( p4 h6 ) * x ( p7 h8 ) * y ( h8 h6 p7 p5 )
[ - 1.0 ] * Sum ( h3 p4 h5 p6 p7 h8 ) * f ( h3 p4 ) * t ( p4 p2 h5 h1 ) * t ( p6 h3 ) * x ( p7 h8 ) * y ( h8 h5 p7 p6 )
[ - 0.5 ] * Sum ( h3 p4 p5 p6 h7 h8 ) * f ( h3 p4 ) * t ( p5 p6 h3 h1 ) * t ( p4 h7 ) * x ( p2 h8 ) * y ( h8 h7 p5 p6 )
[ + 1.0 ] * Sum ( h3 p4 p5 h6 p7 h8 ) * f ( h3 p4 ) * t ( p5 p4 h6 h1 ) * t ( p7 h3 ) * x ( p2 h8 ) * y ( h8 h6 p7 p5 )
[ - 0.5 ] * Sum ( h3 p4 p5 h6 h7 p8 ) * f ( h3 p4 ) * t ( p5 p4 h6 h7 ) * t ( p2 h3 ) * x ( p8 h1 ) * y ( h6 h7 p8 p5 )
[ + 1.0 ] * Sum ( h3 p4 p5 h6 h7 p8 ) * f ( h3 p4 ) * t ( p5 p2 h6 h3 ) * t ( p4 h7 ) * x ( p8 h1 ) * y ( h7 h6 p8 p5 )
[ - 0.5 ] * Sum ( h3 p4 h5 h6 p7 p8 ) * f ( h3 p4 ) * t ( p4 p2 h5 h6 ) * t ( p7 h3 ) * x ( p8 h1 ) * y ( h5 h6 p8 p7 )
[ + 0.5 ] * Sum ( p3 p4 h5 h6 h7 h8 p9 ) * t ( p3 p4 h5 h6 ) * t ( p2 h7 ) * v ( h8 h7 h1 p4 ) * x ( p9 h8 ) * y ( h5 h6 p9 p3 )
[ - 0.5 ] * Sum ( p3 p4 h5 h6 h7 p8 h9 ) * t ( p3 p4 h5 h6 ) * t ( p2 h7 ) * v ( h7 h6 h1 p8 ) * x ( p8 h9 ) * y ( h9 h5 p3 p4 )
[ - 1.0 ] * Sum ( p3 p4 h5 h6 h7 p8 h9 ) * t ( p3 p4 h5 h6 ) * t ( p2 h7 ) * v ( h7 h6 h1 p4 ) * x ( p8 h9 ) * y ( h9 h5 p8 p3 )
[ - 1.0 ] * Sum ( p3 h4 h5 p6 h7 h8 p9 ) * t ( p3 p2 h4 h5 ) * t ( p6 h7 ) * v ( h8 h5 h1 p6 ) * x ( p9 h8 ) * y ( h7 h4 p9 p3 )
[ - 0.5 ] * Sum ( p3 h4 h5 p6 h7 p8 h9 ) * t ( p3 p2 h4 h5 ) * t ( p6 h7 ) * v ( h4 h5 h1 p6 ) * x ( p8 h9 ) * y ( h9 h7 p8 p3 )
[ + 0.5 ] * Sum ( p3 h4 h5 p6 h7 h8 p9 ) * t ( p3 p2 h4 h5 ) * t ( p6 h7 ) * v ( h8 h7 h1 p3 ) * x ( p9 h8 ) * y ( h4 h5 p9 p6 )
[ - 1.0 ] * Sum ( p3 h4 h5 p6 h7 p8 h9 ) * t ( p3 p2 h4 h5 ) * t ( p6 h7 ) * v ( h7 h5 h1 p8 ) * x ( p8 h9 ) * y ( h9 h4 p6 p3 )
[ - 1.0 ] * Sum ( p3 h4 h5 p6 h7 p8 h9 ) * t ( p3 p2 h4 h5 ) * t ( p6 h7 ) * v ( h7 h5 h1 p3 ) * x ( p8 h9 ) * y ( h9 h4 p8 p6 )
[ + 1.0 ] * Sum ( p3 h4 h5 p6 h7 p8 h9 ) * t ( p3 p2 h4 h5 ) * t ( p6 h7 ) * v ( h7 h5 h1 p6 ) * x ( p8 h9 ) * y ( h9 h4 p8 p3 )
[ - 0.5 ] * Sum ( p3 p4 h5 h6 p7 h8 h9 ) * t ( p3 p4 h5 h6 ) * t ( p7 h8 ) * v ( h9 h6 h1 p7 ) * x ( p2 h9 ) * y ( h8 h5 p3 p4 )
[ - 0.25 ] * Sum ( p3 p4 h5 h6 p7 h8 h9 ) * t ( p3 p4 h5 h6 ) * t ( p7 h8 ) * v ( h5 h6 h1 p7 ) * x ( p2 h9 ) * y ( h9 h8 p3 p4 )
[ - 0.5 ] * Sum ( p3 p4 h5 h6 p7 h8 h9 ) * t ( p3 p4 h5 h6 ) * t ( p7 h8 ) * v ( h9 h8 h1 p4 ) * x ( p2 h9 ) * y ( h5 h6 p7 p3 )
[ + 1.0 ] * Sum ( p3 p4 h5 h6 p7 h8 h9 ) * t ( p3 p4 h5 h6 ) * t ( p7 h8 ) * v ( h8 h6 h1 p4 ) * x ( p2 h9 ) * y ( h9 h5 p7 p3 )
[ + 0.5 ] * Sum ( p3 p4 h5 h6 p7 h8 h9 ) * t ( p3 p4 h5 h6 ) * t ( p7 h8 ) * v ( h8 h6 h1 p7 ) * x ( p2 h9 ) * y ( h9 h5 p3 p4 )
[ - 0.5 ] * Sum ( p3 p4 h5 h6 p7 h8 p9 ) * t ( p3 p4 h5 h6 ) * t ( p7 h1 ) * v ( h8 p2 p7 p4 ) * x ( p9 h8 ) * y ( h5 h6 p9 p3 )
[ + 0.5 ] * Sum ( p3 p4 h5 h6 p7 p8 h9 ) * t ( p3 p4 h5 h6 ) * t ( p7 h1 ) * v ( h6 p2 p8 p7 ) * x ( p8 h9 ) * y ( h9 h5 p3 p4 )
[ - 1.0 ] * Sum ( p3 p4 h5 h6 p7 p8 h9 ) * t ( p3 p4 h5 h6 ) * t ( p7 h1 ) * v ( h6 p2 p7 p4 ) * x ( p8 h9 ) * y ( h9 h5 p8 p3 )
[ + 1.0 ] * Sum ( p3 h4 h5 p6 h7 h8 p9 ) * t ( p3 p2 h4 h5 ) * t ( p6 h1 ) * v ( h7 h5 h8 p6 ) * x ( p9 h7 ) * y ( h8 h4 p9 p3 )
[ + 0.5 ] * Sum ( p3 h4 h5 p6 h7 p8 h9 ) * t ( p3 p2 h4 h5 ) * t ( p6 h1 ) * v ( h4 h5 h7 p6 ) * x ( p8 h9 ) * y ( h9 h7 p8 p3 )
[ - 0.5 ] * Sum ( p3 h4 h5 p6 h7 p8 p9 ) * t ( p3 p2 h4 h5 ) * t ( p6 h1 ) * v ( h7 p8 p6 p3 ) * x ( p9 h7 ) * y ( h4 h5 p9 p8 )
[ + 1.0 ] * Sum ( p3 h4 h5 p6 p7 p8 h9 ) * t ( p3 p2 h4 h5 ) * t ( p6 h1 ) * v ( h5 p7 p8 p6 ) * x ( p8 h9 ) * y ( h9 h4 p7 p3 )
[ - 1.0 ] * Sum ( p3 h4 h5 p6 p7 p8 h9 ) * t ( p3 p2 h4 h5 ) * t ( p6 h1 ) * v ( h5 p7 p6 p3 ) * x ( p8 h9 ) * y ( h9 h4 p8 p7 )
[ + 0.5 ] * Sum ( p3 p4 h5 h6 p7 h8 h9 ) * t ( p3 p4 h5 h6 ) * t ( p7 h1 ) * v ( h8 h6 h9 p7 ) * x ( p2 h8 ) * y ( h9 h5 p3 p4 )
[ + 0.25 ] * Sum ( p3 p4 h5 h6 p7 h8 h9 ) * t ( p3 p4 h5 h6 ) * t ( p7 h1 ) * v ( h5 h6 h8 p7 ) * x ( p2 h9 ) * y ( h9 h8 p3 p4 )
[ + 0.5 ] * Sum ( p3 p4 h5 h6 p7 h8 p9 ) * t ( p3 p4 h5 h6 ) * t ( p7 h1 ) * v ( h8 p9 p7 p4 ) * x ( p2 h8 ) * y ( h5 h6 p9 p3 )
[ + 1.0 ] * Sum ( p3 p4 h5 h6 p7 p8 h9 ) * t ( p3 p4 h5 h6 ) * t ( p7 h1 ) * v ( h6 p8 p7 p4 ) * x ( p2 h9 ) * y ( h9 h5 p8 p3 )
[ - 1.0 ] * Sum ( p3 p4 h5 p6 h7 h8 p9 ) * t ( p3 p4 h5 h1 ) * t ( p6 h7 ) * v ( h8 p2 p6 p4 ) * x ( p9 h8 ) * y ( h7 h5 p9 p3 )
[ + 0.5 ] * Sum ( p3 p4 h5 p6 h7 p8 h9 ) * t ( p3 p4 h5 h1 ) * t ( p6 h7 ) * v ( h5 p2 p8 p6 ) * x ( p8 h9 ) * y ( h9 h7 p3 p4 )
[ - 1.0 ] * Sum ( p3 p4 h5 p6 h7 p8 h9 ) * t ( p3 p4 h5 h1 ) * t ( p6 h7 ) * v ( h5 p2 p6 p4 ) * x ( p8 h9 ) * y ( h9 h7 p8 p3 )
[ - 1.0 ] * Sum ( p3 p4 h5 p6 h7 p8 h9 ) * t ( p3 p4 h5 h1 ) * t ( p6 h7 ) * v ( h7 p2 p8 p4 ) * x ( p8 h9 ) * y ( h9 h5 p6 p3 )
[ - 0.5 ] * Sum ( p3 p4 h5 p6 h7 p8 h9 ) * t ( p3 p4 h5 h1 ) * t ( p6 h7 ) * v ( h7 p2 p3 p4 ) * x ( p8 h9 ) * y ( h9 h5 p8 p6 )
[ + 1.0 ] * Sum ( p3 p4 h5 p6 h7 p8 h9 ) * t ( p3 p4 h5 h1 ) * t ( p6 h7 ) * v ( h7 p2 p6 p4 ) * x ( p8 h9 ) * y ( h9 h5 p8 p3 )
[ + 1.0 ] * Sum ( p3 p4 h5 h6 h7 h8 p9 ) * t ( p3 p4 h5 h1 ) * t ( p2 h6 ) * v ( h7 h6 h8 p4 ) * x ( p9 h7 ) * y ( h8 h5 p9 p3 )
[ - 0.5 ] * Sum ( p3 p4 h5 h6 h7 p8 h9 ) * t ( p3 p4 h5 h1 ) * t ( p2 h6 ) * v ( h6 h5 h7 p8 ) * x ( p8 h9 ) * y ( h9 h7 p3 p4 )
[ - 1.0 ] * Sum ( p3 p4 h5 h6 h7 p8 h9 ) * t ( p3 p4 h5 h1 ) * t ( p2 h6 ) * v ( h6 h5 h7 p4 ) * x ( p8 h9 ) * y ( h9 h7 p8 p3 )
[ + 1.0 ] * Sum ( p3 p4 h5 h6 p7 p8 h9 ) * t ( p3 p4 h5 h1 ) * t ( p2 h6 ) * v ( h6 p7 p8 p4 ) * x ( p8 h9 ) * y ( h9 h5 p7 p3 )
[ + 0.5 ] * Sum ( p3 p4 h5 h6 p7 p8 h9 ) * t ( p3 p4 h5 h1 ) * t ( p2 h6 ) * v ( h6 p7 p3 p4 ) * x ( p8 h9 ) * y ( h9 h5 p8 p7 )
[ + 1.0 ] * Sum ( p3 h4 p5 h6 h7 h8 p9 ) * t ( p3 p2 h4 h1 ) * t ( p5 h6 ) * v ( h7 h4 h8 p5 ) * x ( p9 h7 ) * y ( h8 h6 p9 p3 )
[ + 1.0 ] * Sum ( p3 h4 p5 h6 h7 h8 p9 ) * t ( p3 p2 h4 h1 ) * t ( p5 h6 ) * v ( h7 h6 h8 p3 ) * x ( p9 h7 ) * y ( h8 h4 p9 p5 )
[ - 1.0 ] * Sum ( p3 h4 p5 h6 h7 p8 h9 ) * t ( p3 p2 h4 h1 ) * t ( p5 h6 ) * v ( h6 h4 h7 p8 ) * x ( p8 h9 ) * y ( h9 h7 p5 p3 )
[ - 1.0 ] * Sum ( p3 h4 p5 h6 h7 p8 h9 ) * t ( p3 p2 h4 h1 ) * t ( p5 h6 ) * v ( h6 h4 h7 p3 ) * x ( p8 h9 ) * y ( h9 h7 p8 p5 )
[ + 1.0 ] * Sum ( p3 h4 p5 h6 h7 p8 h9 ) * t ( p3 p2 h4 h1 ) * t ( p5 h6 ) * v ( h6 h4 h7 p5 ) * x ( p8 h9 ) * y ( h9 h7 p8 p3 )
[ - 1.0 ] * Sum ( p3 h4 p5 h6 h7 p8 p9 ) * t ( p3 p2 h4 h1 ) * t ( p5 h6 ) * v ( h7 p8 p5 p3 ) * x ( p9 h7 ) * y ( h6 h4 p9 p8 )
[ + 1.0 ] * Sum ( p3 h4 p5 h6 p7 p8 h9 ) * t ( p3 p2 h4 h1 ) * t ( p5 h6 ) * v ( h4 p7 p8 p5 ) * x ( p8 h9 ) * y ( h9 h6 p7 p3 )
[ - 1.0 ] * Sum ( p3 h4 p5 h6 p7 p8 h9 ) * t ( p3 p2 h4 h1 ) * t ( p5 h6 ) * v ( h4 p7 p5 p3 ) * x ( p8 h9 ) * y ( h9 h6 p8 p7 )
[ + 1.0 ] * Sum ( p3 h4 p5 h6 p7 p8 h9 ) * t ( p3 p2 h4 h1 ) * t ( p5 h6 ) * v ( h6 p7 p8 p3 ) * x ( p8 h9 ) * y ( h9 h4 p7 p5 )
[ + 1.0 ] * Sum ( p3 h4 p5 h6 p7 p8 h9 ) * t ( p3 p2 h4 h1 ) * t ( p5 h6 ) * v ( h6 p7 p5 p3 ) * x ( p8 h9 ) * y ( h9 h4 p8 p7 )
[ + 0.5 ] * Sum ( p3 p4 h5 p6 h7 h8 h9 ) * t ( p3 p4 h5 h1 ) * t ( p6 h7 ) * v ( h8 h5 h9 p6 ) * x ( p2 h8 ) * y ( h9 h7 p3 p4 )
[ - 1.0 ] * Sum ( p3 p4 h5 p6 h7 h8 h9 ) * t ( p3 p4 h5 h1 ) * t ( p6 h7 ) * v ( h8 h7 h9 p4 ) * x ( p2 h8 ) * y ( h9 h5 p6 p3 )
[ + 1.0 ] * Sum ( p3 p4 h5 p6 h7 h8 h9 ) * t ( p3 p4 h5 h1 ) * t ( p6 h7 ) * v ( h7 h5 h8 p4 ) * x ( p2 h9 ) * y ( h9 h8 p6 p3 )
[ + 0.5 ] * Sum ( p3 p4 h5 p6 h7 h8 h9 ) * t ( p3 p4 h5 h1 ) * t ( p6 h7 ) * v ( h7 h5 h8 p6 ) * x ( p2 h9 ) * y ( h9 h8 p3 p4 )
[ + 1.0 ] * Sum ( p3 p4 h5 p6 h7 h8 p9 ) * t ( p3 p4 h5 h1 ) * t ( p6 h7 ) * v ( h8 p9 p6 p4 ) * x ( p2 h8 ) * y ( h7 h5 p9 p3 )
[ + 1.0 ] * Sum ( p3 p4 h5 p6 h7 p8 h9 ) * t ( p3 p4 h5 h1 ) * t ( p6 h7 ) * v ( h5 p8 p6 p4 ) * x ( p2 h9 ) * y ( h9 h7 p8 p3 )
[ + 0.5 ] * Sum ( p3 p4 h5 p6 h7 p8 h9 ) * t ( p3 p4 h5 h1 ) * t ( p6 h7 ) * v ( h7 p8 p3 p4 ) * x ( p2 h9 ) * y ( h9 h5 p8 p6 )
[ - 1.0 ] * Sum ( p3 p4 h5 p6 h7 p8 h9 ) * t ( p3 p4 h5 h1 ) * t ( p6 h7 ) * v ( h7 p8 p6 p4 ) * x ( p2 h9 ) * y ( h9 h5 p8 p3 )
[ - 0.5 ] * Sum ( p3 p4 h5 h6 p7 h8 p9 ) * t ( p3 p4 h5 h6 ) * t ( p7 h8 ) * v ( h6 p2 p9 p7 ) * x ( p9 h1 ) * y ( h8 h5 p3 p4 )
[ + 1.0 ] * Sum ( p3 p4 h5 h6 p7 h8 p9 ) * t ( p3 p4 h5 h6 ) * t ( p7 h8 ) * v ( h6 p2 p7 p4 ) * x ( p9 h1 ) * y ( h8 h5 p9 p3 )
[ - 0.5 ] * Sum ( p3 p4 h5 h6 p7 h8 p9 ) * t ( p3 p4 h5 h6 ) * t ( p7 h8 ) * v ( h8 p2 p9 p4 ) * x ( p9 h1 ) * y ( h5 h6 p7 p3 )
[ - 0.25 ] * Sum ( p3 p4 h5 h6 p7 h8 p9 ) * t ( p3 p4 h5 h6 ) * t ( p7 h8 ) * v ( h8 p2 p3 p4 ) * x ( p9 h1 ) * y ( h5 h6 p9 p7 )
[ + 0.5 ] * Sum ( p3 p4 h5 h6 p7 h8 p9 ) * t ( p3 p4 h5 h6 ) * t ( p7 h8 ) * v ( h8 p2 p7 p4 ) * x ( p9 h1 ) * y ( h5 h6 p9 p3 )
[ + 0.5 ] * Sum ( p3 p4 h5 h6 h7 h8 p9 ) * t ( p3 p4 h5 h6 ) * t ( p2 h7 ) * v ( h7 h6 h8 p9 ) * x ( p9 h1 ) * y ( h8 h5 p3 p4 )
[ + 1.0 ] * Sum ( p3 p4 h5 h6 h7 h8 p9 ) * t ( p3 p4 h5 h6 ) * t ( p2 h7 ) * v ( h7 h6 h8 p4 ) * x ( p9 h1 ) * y ( h8 h5 p9 p3 )
[ + 0.5 ] * Sum ( p3 p4 h5 h6 h7 p8 p9 ) * t ( p3 p4 h5 h6 ) * t ( p2 h7 ) * v ( h7 p8 p9 p4 ) * x ( p9 h1 ) * y ( h5 h6 p8 p3 )
[ + 0.25 ] * Sum ( p3 p4 h5 h6 h7 p8 p9 ) * t ( p3 p4 h5 h6 ) * t ( p2 h7 ) * v ( h7 p8 p3 p4 ) * x ( p9 h1 ) * y ( h5 h6 p9 p8 )
[ + 0.5 ] * Sum ( p3 h4 h5 p6 h7 h8 p9 ) * t ( p3 p2 h4 h5 ) * t ( p6 h7 ) * v ( h4 h5 h8 p6 ) * x ( p9 h1 ) * y ( h8 h7 p9 p3 )
[ + 1.0 ] * Sum ( p3 h4 h5 p6 h7 h8 p9 ) * t ( p3 p2 h4 h5 ) * t ( p6 h7 ) * v ( h7 h5 h8 p9 ) * x ( p9 h1 ) * y ( h8 h4 p6 p3 )
[ + 1.0 ] * Sum ( p3 h4 h5 p6 h7 h8 p9 ) * t ( p3 p2 h4 h5 ) * t ( p6 h7 ) * v ( h7 h5 h8 p3 ) * x ( p9 h1 ) * y ( h8 h4 p9 p6 )
[ - 1.0 ] * Sum ( p3 h4 h5 p6 h7 h8 p9 ) * t ( p3 p2 h4 h5 ) * t ( p6 h7 ) * v ( h7 h5 h8 p6 ) * x ( p9 h1 ) * y ( h8 h4 p9 p3 )
[ - 1.0 ] * Sum ( p3 h4 h5 p6 h7 p8 p9 ) * t ( p3 p2 h4 h5 ) * t ( p6 h7 ) * v ( h5 p8 p9 p6 ) * x ( p9 h1 ) * y ( h7 h4 p8 p3 )
[ + 1.0 ] * Sum ( p3 h4 h5 p6 h7 p8 p9 ) * t ( p3 p2 h4 h5 ) * t ( p6 h7 ) * v ( h5 p8 p6 p3 ) * x ( p9 h1 ) * y ( h7 h4 p9 p8 )
[ + 0.5 ] * Sum ( p3 h4 h5 p6 h7 p8 p9 ) * t ( p3 p2 h4 h5 ) * t ( p6 h7 ) * v ( h7 p8 p9 p3 ) * x ( p9 h1 ) * y ( h4 h5 p8 p6 )
[ + 0.5 ] * Sum ( p3 h4 h5 p6 h7 p8 p9 ) * t ( p3 p2 h4 h5 ) * t ( p6 h7 ) * v ( h7 p8 p6 p3 ) * x ( p9 h1 ) * y ( h4 h5 p9 p8 )
[ + 0.125 ] * Sum ( p3 h4 h5 p6 h7 h8 p9 p10 ) * t ( p3 p2 h4 h5 ) * t ( p6 h1 ) * v ( h7 h8 p6 p3 ) * x ( p9 p10 h7 h8 ) * y ( h4 h5 p9 p10 )
[ - 1.0 ] * Sum ( p3 h4 h5 p6 h7 p8 p9 h10 ) * t ( p3 p2 h4 h5 ) * t ( p6 h1 ) * v ( h7 h5 p8 p6 ) * x ( p9 p8 h10 h7 ) * y ( h10 h4 p9 p3 )
[ - 0.5 ] * Sum ( p3 h4 h5 p6 h7 p8 p9 h10 ) * t ( p3 p2 h4 h5 ) * t ( p6 h1 ) * v ( h7 h5 p6 p3 ) * x ( p8 p9 h10 h7 ) * y ( h10 h4 p8 p9 )
[ + 0.25 ] * Sum ( p3 h4 h5 p6 p7 p8 h9 h10 ) * t ( p3 p2 h4 h5 ) * t ( p6 h1 ) * v ( h4 h5 p7 p6 ) * x ( p8 p7 h9 h10 ) * y ( h9 h10 p8 p3 )
[ + 0.25 ] * Sum ( p3 p4 h5 h6 p7 h8 h9 p10 ) * t ( p3 p4 h5 h6 ) * t ( p7 h1 ) * v ( h8 h9 p7 p4 ) * x ( p10 p2 h8 h9 ) * y ( h5 h6 p10 p3 )
[ + 0.5 ] * Sum ( p3 p4 h5 h6 p7 h8 p9 h10 ) * t ( p3 p4 h5 h6 ) * t ( p7 h1 ) * v ( h8 h6 p9 p7 ) * x ( p9 p2 h10 h8 ) * y ( h10 h5 p3 p4 )
[ - 1.0 ] * Sum ( p3 p4 h5 h6 p7 h8 p9 h10 ) * t ( p3 p4 h5 h6 ) * t ( p7 h1 ) * v ( h8 h6 p7 p4 ) * x ( p9 p2 h10 h8 ) * y ( h10 h5 p9 p3 )
[ - 0.125 ] * Sum ( p3 p4 h5 h6 p7 p8 h9 h10 ) * t ( p3 p4 h5 h6 ) * t ( p7 h1 ) * v ( h5 h6 p8 p7 ) * x ( p8 p2 h9 h10 ) * y ( h9 h10 p3 p4 )
[ + 0.25 ] * Sum ( p3 p4 h5 h6 p7 p8 h9 h10 ) * t ( p3 p4 h5 h6 ) * t ( p7 h1 ) * v ( h5 h6 p7 p4 ) * x ( p8 p2 h9 h10 ) * y ( h9 h10 p8 p3 )
[ - 1.0 ] * Sum ( p3 p4 h5 h6 h7 p8 p9 h10 ) * t ( p3 p4 h5 h1 ) * t ( p2 h6 ) * v ( h7 h6 p8 p4 ) * x ( p9 p8 h10 h7 ) * y ( h10 h5 p9 p3 )
[ + 0.25 ] * Sum ( p3 p4 h5 h6 h7 p8 p9 h10 ) * t ( p3 p4 h5 h1 ) * t ( p2 h6 ) * v ( h7 h6 p3 p4 ) * x ( p8 p9 h10 h7 ) * y ( h10 h5 p8 p9 )
[ + 0.125 ] * Sum ( p3 p4 h5 h6 p7 p8 h9 h10 ) * t ( p3 p4 h5 h1 ) * t ( p2 h6 ) * v ( h6 h5 p7 p8 ) * x ( p7 p8 h9 h10 ) * y ( h9 h10 p3 p4 )
[ - 0.5 ] * Sum ( p3 p4 h5 h6 p7 p8 h9 h10 ) * t ( p3 p4 h5 h1 ) * t ( p2 h6 ) * v ( h6 h5 p7 p4 ) * x ( p8 p7 h9 h10 ) * y ( h9 h10 p8 p3 )
[ + 0.25 ] * Sum ( p3 h4 p5 h6 h7 h8 p9 p10 ) * t ( p3 p2 h4 h1 ) * t ( p5 h6 ) * v ( h7 h8 p5 p3 ) * x ( p9 p10 h7 h8 ) * y ( h6 h4 p9 p10 )
[ - 1.0 ] * Sum ( p3 h4 p5 h6 h7 p8 p9 h10 ) * t ( p3 p2 h4 h1 ) * t ( p5 h6 ) * v ( h7 h4 p8 p5 ) * x ( p9 p8 h10 h7 ) * y ( h10 h6 p9 p3 )
[ - 0.5 ] * Sum ( p3 h4 p5 h6 h7 p8 p9 h10 ) * t ( p3 p2 h4 h1 ) * t ( p5 h6 ) * v ( h7 h4 p5 p3 ) * x ( p8 p9 h10 h7 ) * y ( h10 h6 p8 p9 )
[ - 1.0 ] * Sum ( p3 h4 p5 h6 h7 p8 p9 h10 ) * t ( p3 p2 h4 h1 ) * t ( p5 h6 ) * v ( h7 h6 p8 p3 ) * x ( p9 p8 h10 h7 ) * y ( h10 h4 p9 p5 )
[ + 0.5 ] * Sum ( p3 h4 p5 h6 h7 p8 p9 h10 ) * t ( p3 p2 h4 h1 ) * t ( p5 h6 ) * v ( h7 h6 p5 p3 ) * x ( p8 p9 h10 h7 ) * y ( h10 h4 p8 p9 )
[ + 0.25 ] * Sum ( p3 h4 p5 h6 p7 p8 h9 h10 ) * t ( p3 p2 h4 h1 ) * t ( p5 h6 ) * v ( h6 h4 p7 p8 ) * x ( p7 p8 h9 h10 ) * y ( h9 h10 p5 p3 )
[ - 0.5 ] * Sum ( p3 h4 p5 h6 p7 p8 h9 h10 ) * t ( p3 p2 h4 h1 ) * t ( p5 h6 ) * v ( h6 h4 p7 p3 ) * x ( p8 p7 h9 h10 ) * y ( h9 h10 p8 p5 )
[ + 0.5 ] * Sum ( p3 h4 p5 h6 p7 p8 h9 h10 ) * t ( p3 p2 h4 h1 ) * t ( p5 h6 ) * v ( h6 h4 p7 p5 ) * x ( p8 p7 h9 h10 ) * y ( h9 h10 p8 p3 )
[ + 0.5 ] * Sum ( p3 p4 h5 p6 h7 h8 h9 p10 ) * t ( p3 p4 h5 h1 ) * t ( p6 h7 ) * v ( h8 h9 p6 p4 ) * x ( p10 p2 h8 h9 ) * y ( h7 h5 p10 p3 )
[ + 0.5 ] * Sum ( p3 p4 h5 p6 h7 h8 p9 h10 ) * t ( p3 p4 h5 h1 ) * t ( p6 h7 ) * v ( h8 h5 p9 p6 ) * x ( p9 p2 h10 h8 ) * y ( h10 h7 p3 p4 )
[ - 1.0 ] * Sum ( p3 p4 h5 p6 h7 h8 p9 h10 ) * t ( p3 p4 h5 h1 ) * t ( p6 h7 ) * v ( h8 h5 p6 p4 ) * x ( p9 p2 h10 h8 ) * y ( h10 h7 p9 p3 )
[ - 1.0 ] * Sum ( p3 p4 h5 p6 h7 h8 p9 h10 ) * t ( p3 p4 h5 h1 ) * t ( p6 h7 ) * v ( h8 h7 p9 p4 ) * x ( p9 p2 h10 h8 ) * y ( h10 h5 p6 p3 )
[ - 0.5 ] * Sum ( p3 p4 h5 p6 h7 h8 p9 h10 ) * t ( p3 p4 h5 h1 ) * t ( p6 h7 ) * v ( h8 h7 p3 p4 ) * x ( p9 p2 h10 h8 ) * y ( h10 h5 p9 p6 )
[ + 1.0 ] * Sum ( p3 p4 h5 p6 h7 h8 p9 h10 ) * t ( p3 p4 h5 h1 ) * t ( p6 h7 ) * v ( h8 h7 p6 p4 ) * x ( p9 p2 h10 h8 ) * y ( h10 h5 p9 p3 )
[ - 0.5 ] * Sum ( p3 p4 h5 p6 h7 p8 h9 h10 ) * t ( p3 p4 h5 h1 ) * t ( p6 h7 ) * v ( h7 h5 p8 p4 ) * x ( p8 p2 h9 h10 ) * y ( h9 h10 p6 p3 )
[ - 0.25 ] * Sum ( p3 p4 h5 p6 h7 p8 h9 h10 ) * t ( p3 p4 h5 h1 ) * t ( p6 h7 ) * v ( h7 h5 p3 p4 ) * x ( p8 p2 h9 h10 ) * y ( h9 h10 p8 p6 )
[ - 0.25 ] * Sum ( p3 p4 h5 p6 h7 p8 h9 h10 ) * t ( p3 p4 h5 h1 ) * t ( p6 h7 ) * v ( h7 h5 p8 p6 ) * x ( p8 p2 h9 h10 ) * y ( h9 h10 p3 p4 )
[ + 0.5 ] * Sum ( p3 p4 h5 p6 h7 p8 h9 h10 ) * t ( p3 p4 h5 h1 ) * t ( p6 h7 ) * v ( h7 h5 p6 p4 ) * x ( p8 p2 h9 h10 ) * y ( h9 h10 p8 p3 )
[ + 0.5 ] * Sum ( p3 p4 h5 h6 h7 h8 p9 p10 ) * t ( p3 p4 h5 h6 ) * t ( p2 h7 ) * v ( h8 h7 p9 p4 ) * x ( p10 p9 h8 h1 ) * y ( h5 h6 p10 p3 )
[ - 0.125 ] * Sum ( p3 p4 h5 h6 h7 h8 p9 p10 ) * t ( p3 p4 h5 h6 ) * t ( p2 h7 ) * v ( h8 h7 p3 p4 ) * x ( p9 p10 h8 h1 ) * y ( h5 h6 p9 p10 )
[ + 0.25 ] * Sum ( p3 p4 h5 h6 h7 p8 p9 h10 ) * t ( p3 p4 h5 h6 ) * t ( p2 h7 ) * v ( h7 h6 p8 p9 ) * x ( p8 p9 h10 h1 ) * y ( h10 h5 p3 p4 )
[ - 1.0 ] * Sum ( p3 p4 h5 h6 h7 p8 p9 h10 ) * t ( p3 p4 h5 h6 ) * t ( p2 h7 ) * v ( h7 h6 p8 p4 ) * x ( p9 p8 h10 h1 ) * y ( h10 h5 p9 p3 )
[ + 0.25 ] * Sum ( p3 p4 h5 h6 h7 p8 p9 h10 ) * t ( p3 p4 h5 h6 ) * t ( p2 h7 ) * v ( h7 h6 p3 p4 ) * x ( p8 p9 h10 h1 ) * y ( h10 h5 p8 p9 )
[ - 1.0 ] * Sum ( p3 h4 h5 p6 h7 h8 p9 p10 ) * t ( p3 p2 h4 h5 ) * t ( p6 h7 ) * v ( h8 h5 p9 p6 ) * x ( p10 p9 h8 h1 ) * y ( h7 h4 p10 p3 )
[ - 0.5 ] * Sum ( p3 h4 h5 p6 h7 h8 p9 p10 ) * t ( p3 p2 h4 h5 ) * t ( p6 h7 ) * v ( h8 h5 p6 p3 ) * x ( p9 p10 h8 h1 ) * y ( h7 h4 p9 p10 )
[ - 0.5 ] * Sum ( p3 h4 h5 p6 h7 p8 p9 h10 ) * t ( p3 p2 h4 h5 ) * t ( p6 h7 ) * v ( h4 h5 p8 p6 ) * x ( p9 p8 h10 h1 ) * y ( h10 h7 p9 p3 )
[ - 0.25 ] * Sum ( p3 h4 h5 p6 h7 p8 p9 h10 ) * t ( p3 p2 h4 h5 ) * t ( p6 h7 ) * v ( h4 h5 p6 p3 ) * x ( p8 p9 h10 h1 ) * y ( h10 h7 p8 p9 )
[ + 0.5 ] * Sum ( p3 h4 h5 p6 h7 h8 p9 p10 ) * t ( p3 p2 h4 h5 ) * t ( p6 h7 ) * v ( h8 h7 p9 p3 ) * x ( p10 p9 h8 h1 ) * y ( h4 h5 p10 p6 )
[ - 0.25 ] * Sum ( p3 h4 h5 p6 h7 h8 p9 p10 ) * t ( p3 p2 h4 h5 ) * t ( p6 h7 ) * v ( h8 h7 p6 p3 ) * x ( p9 p10 h8 h1 ) * y ( h4 h5 p9 p10 )
[ + 0.5 ] * Sum ( p3 h4 h5 p6 h7 p8 p9 h10 ) * t ( p3 p2 h4 h5 ) * t ( p6 h7 ) * v ( h7 h5 p8 p9 ) * x ( p8 p9 h10 h1 ) * y ( h10 h4 p6 p3 )
[ - 1.0 ] * Sum ( p3 h4 h5 p6 h7 p8 p9 h10 ) * t ( p3 p2 h4 h5 ) * t ( p6 h7 ) * v ( h7 h5 p8 p3 ) * x ( p9 p8 h10 h1 ) * y ( h10 h4 p9 p6 )
[ + 1.0 ] * Sum ( p3 h4 h5 p6 h7 p8 p9 h10 ) * t ( p3 p2 h4 h5 ) * t ( p6 h7 ) * v ( h7 h5 p8 p6 ) * x ( p9 p8 h10 h1 ) * y ( h10 h4 p9 p3 )
[ + 0.5 ] * Sum ( p3 h4 h5 p6 h7 p8 p9 h10 ) * t ( p3 p2 h4 h5 ) * t ( p6 h7 ) * v ( h7 h5 p6 p3 ) * x ( p8 p9 h10 h1 ) * y ( h10 h4 p8 p9 )
[ + 0.5 ] * Sum ( p3 p4 h5 h6 p7 h8 h9 p10 ) * t ( p3 p4 h5 h6 ) * t ( p7 h8 ) * v ( h9 h6 p10 p7 ) * x ( p10 p2 h9 h1 ) * y ( h8 h5 p3 p4 )
[ - 1.0 ] * Sum ( p3 p4 h5 h6 p7 h8 h9 p10 ) * t ( p3 p4 h5 h6 ) * t ( p7 h8 ) * v ( h9 h6 p7 p4 ) * x ( p10 p2 h9 h1 ) * y ( h8 h5 p10 p3 )
[ + 0.25 ] * Sum ( p3 p4 h5 h6 p7 h8 p9 h10 ) * t ( p3 p4 h5 h6 ) * t ( p7 h8 ) * v ( h5 h6 p9 p7 ) * x ( p9 p2 h10 h1 ) * y ( h10 h8 p3 p4 )
[ - 0.5 ] * Sum ( p3 p4 h5 h6 p7 h8 p9 h10 ) * t ( p3 p4 h5 h6 ) * t ( p7 h8 ) * v ( h5 h6 p7 p4 ) * x ( p9 p2 h10 h1 ) * y ( h10 h8 p9 p3 )
[ + 0.5 ] * Sum ( p3 p4 h5 h6 p7 h8 h9 p10 ) * t ( p3 p4 h5 h6 ) * t ( p7 h8 ) * v ( h9 h8 p10 p4 ) * x ( p10 p2 h9 h1 ) * y ( h5 h6 p7 p3 )
[ + 0.25 ] * Sum ( p3 p4 h5 h6 p7 h8 h9 p10 ) * t ( p3 p4 h5 h6 ) * t ( p7 h8 ) * v ( h9 h8 p3 p4 ) * x ( p10 p2 h9 h1 ) * y ( h5 h6 p10 p7 )
[ - 0.5 ] * Sum ( p3 p4 h5 h6 p7 h8 h9 p10 ) * t ( p3 p4 h5 h6 ) * t ( p7 h8 ) * v ( h9 h8 p7 p4 ) * x ( p10 p2 h9 h1 ) * y ( h5 h6 p10 p3 )
[ - 1.0 ] * Sum ( p3 p4 h5 h6 p7 h8 p9 h10 ) * t ( p3 p4 h5 h6 ) * t ( p7 h8 ) * v ( h8 h6 p9 p4 ) * x ( p9 p2 h10 h1 ) * y ( h10 h5 p7 p3 )
[ - 0.5 ] * Sum ( p3 p4 h5 h6 p7 h8 p9 h10 ) * t ( p3 p4 h5 h6 ) * t ( p7 h8 ) * v ( h8 h6 p3 p4 ) * x ( p9 p2 h10 h1 ) * y ( h10 h5 p9 p7 )
[ - 0.5 ] * Sum ( p3 p4 h5 h6 p7 h8 p9 h10 ) * t ( p3 p4 h5 h6 ) * t ( p7 h8 ) * v ( h8 h6 p9 p7 ) * x ( p9 p2 h10 h1 ) * y ( h10 h5 p3 p4 )
[ + 1.0 ] * Sum ( p3 p4 h5 h6 p7 h8 p9 h10 ) * t ( p3 p4 h5 h6 ) * t ( p7 h8 ) * v ( h8 h6 p7 p4 ) * x ( p9 p2 h10 h1 ) * y ( h10 h5 p9 p3 )
[ - 0.5 ] * Sum ( p3 h4 p5 p6 h7 h8 h9 p10 ) * t ( p3 p2 h4 h1 ) * t ( p5 p6 h7 h8 ) * v ( h9 h8 p10 p3 ) * x ( p10 h9 ) * y ( h7 h4 p5 p6 )
[ - 1.0 ] * Sum ( p3 h4 p5 p6 h7 h8 h9 p10 ) * t ( p3 p2 h4 h1 ) * t ( p5 p6 h7 h8 ) * v ( h9 h8 p6 p3 ) * x ( p10 h9 ) * y ( h7 h4 p10 p5 )
[ + 0.25 ] * Sum ( p3 h4 p5 p6 h7 h8 p9 h10 ) * t ( p3 p2 h4 h1 ) * t ( p5 p6 h7 h8 ) * v ( h7 h8 p9 p3 ) * x ( p9 h10 ) * y ( h10 h4 p5 p6 )
[ + 0.5 ] * Sum ( p3 h4 p5 p6 h7 h8 p9 h10 ) * t ( p3 p2 h4 h1 ) * t ( p5 p6 h7 h8 ) * v ( h7 h8 p6 p3 ) * x ( p9 h10 ) * y ( h10 h4 p9 p5 )
[ - 0.5 ] * Sum ( p3 h4 p5 p6 h7 h8 h9 p10 ) * t ( p3 p2 h4 h1 ) * t ( p5 p6 h7 h8 ) * v ( h9 h4 p10 p6 ) * x ( p10 h9 ) * y ( h7 h8 p5 p3 )
[ + 0.25 ] * Sum ( p3 h4 p5 p6 h7 h8 h9 p10 ) * t ( p3 p2 h4 h1 ) * t ( p5 p6 h7 h8 ) * v ( h9 h4 p5 p6 ) * x ( p10 h9 ) * y ( h7 h8 p10 p3 )
[ + 0.5 ] * Sum ( p3 h4 p5 p6 h7 h8 h9 p10 ) * t ( p3 p2 h4 h1 ) * t ( p5 p6 h7 h8 ) * v ( h9 h4 p6 p3 ) * x ( p10 h9 ) * y ( h7 h8 p10 p5 )
[ - 1.0 ] * Sum ( p3 h4 p5 p6 h7 h8 p9 h10 ) * t ( p3 p2 h4 h1 ) * t ( p5 p6 h7 h8 ) * v ( h8 h4 p9 p6 ) * x ( p9 h10 ) * y ( h10 h7 p5 p3 )
[ + 0.5 ] * Sum ( p3 h4 p5 p6 h7 h8 p9 h10 ) * t ( p3 p2 h4 h1 ) * t ( p5 p6 h7 h8 ) * v ( h8 h4 p5 p6 ) * x ( p9 h10 ) * y ( h10 h7 p9 p3 )
[ + 0.5 ] * Sum ( p3 h4 p5 p6 h7 h8 p9 h10 ) * t ( p3 p2 h4 h1 ) * t ( p5 p6 h7 h8 ) * v ( h8 h4 p9 p3 ) * x ( p9 h10 ) * y ( h10 h7 p5 p6 )
[ + 1.0 ] * Sum ( p3 h4 p5 p6 h7 h8 p9 h10 ) * t ( p3 p2 h4 h1 ) * t ( p5 p6 h7 h8 ) * v ( h8 h4 p6 p3 ) * x ( p9 h10 ) * y ( h10 h7 p9 p5 )
[ - 1.0 ] * Sum ( p3 p4 h5 p6 h7 h8 h9 p10 ) * t ( p3 p4 h5 h1 ) * t ( p6 p2 h7 h8 ) * v ( h9 h8 p10 p4 ) * x ( p10 h9 ) * y ( h7 h5 p6 p3 )
[ + 1.0 ] * Sum ( p3 p4 h5 p6 h7 h8 h9 p10 ) * t ( p3 p4 h5 h1 ) * t ( p6 p2 h7 h8 ) * v ( h9 h8 p6 p4 ) * x ( p10 h9 ) * y ( h7 h5 p10 p3 )
[ + 0.5 ] * Sum ( p3 h4 h5 p6 p7 h8 h9 p10 ) * t ( p3 p2 h4 h5 ) * t ( p6 p7 h8 h1 ) * v ( h9 h5 p6 p7 ) * x ( p10 h9 ) * y ( h8 h4 p10 p3 )
[ + 0.5 ] * Sum ( p3 p4 h5 p6 h7 h8 p9 h10 ) * t ( p3 p4 h5 h1 ) * t ( p6 p2 h7 h8 ) * v ( h7 h8 p9 p4 ) * x ( p9 h10 ) * y ( h10 h5 p6 p3 )
[ - 0.5 ] * Sum ( p3 p4 h5 p6 h7 h8 p9 h10 ) * t ( p3 p4 h5 h1 ) * t ( p6 p2 h7 h8 ) * v ( h7 h8 p6 p4 ) * x ( p9 h10 ) * y ( h10 h5 p9 p3 )
[ + 0.25 ] * Sum ( p3 p4 h5 p6 h7 h8 p9 h10 ) * t ( p3 p4 h5 h1 ) * t ( p6 p2 h7 h8 ) * v ( h7 h8 p3 p4 ) * x ( p9 h10 ) * y ( h10 h5 p9 p6 )
[ + 0.25 ] * Sum ( p3 h4 h5 p6 p7 h8 h9 p10 ) * t ( p3 p2 h4 h5 ) * t ( p6 p7 h8 h1 ) * v ( h9 h8 p10 p3 ) * x ( p10 h9 ) * y ( h4 h5 p6 p7 )
[ + 0.5 ] * Sum ( p3 h4 h5 p6 p7 h8 h9 p10 ) * t ( p3 p2 h4 h5 ) * t ( p6 p7 h8 h1 ) * v ( h9 h8 p7 p3 ) * x ( p10 h9 ) * y ( h4 h5 p10 p6 )
[ + 0.5 ] * Sum ( p3 p4 h5 p6 h7 h8 p9 h10 ) * t ( p3 p4 h5 h1 ) * t ( p6 p2 h7 h8 ) * v ( h8 h5 p9 p6 ) * x ( p9 h10 ) * y ( h10 h7 p3 p4 )
[ + 1.0 ] * Sum ( p3 h4 h5 p6 p7 h8 p9 h10 ) * t ( p3 p2 h4 h5 ) * t ( p6 p7 h8 h1 ) * v ( h8 h5 p9 p7 ) * x ( p9 h10 ) * y ( h10 h4 p6 p3 )
[ - 0.5 ] * Sum ( p3 h4 h5 p6 p7 h8 p9 h10 ) * t ( p3 p2 h4 h5 ) * t ( p6 p7 h8 h1 ) * v ( h8 h5 p7 p3 ) * x ( p9 h10 ) * y ( h10 h4 p9 p6 )
[ - 0.5 ] * Sum ( p3 p4 h5 p6 h7 h8 p9 h10 ) * t ( p3 p4 h5 h1 ) * t ( p6 p2 h7 h8 ) * v ( h8 h5 p6 p4 ) * x ( p9 h10 ) * y ( h10 h7 p9 p3 )
[ - 0.5 ] * Sum ( p3 h4 h5 p6 p7 h8 p9 h10 ) * t ( p3 p2 h4 h5 ) * t ( p6 p7 h8 h1 ) * v ( h8 h5 p6 p7 ) * x ( p9 h10 ) * y ( h10 h4 p9 p3 )
[ + 1.0 ] * Sum ( p3 p4 h5 p6 p7 h8 h9 h10 ) * t ( p3 p4 h5 h1 ) * t ( p6 p7 h8 h9 ) * v ( h10 h9 p7 p4 ) * x ( p2 h10 ) * y ( h8 h5 p6 p3 )
[ - 0.25 ] * Sum ( p3 p4 h5 p6 p7 h8 h9 h10 ) * t ( p3 p4 h5 h1 ) * t ( p6 p7 h8 h9 ) * v ( h10 h9 p3 p4 ) * x ( p2 h10 ) * y ( h8 h5 p6 p7 )
[ - 0.5 ] * Sum ( p3 p4 h5 p6 p7 h8 h9 h10 ) * t ( p3 p4 h5 h1 ) * t ( p6 p7 h8 h9 ) * v ( h8 h9 p7 p4 ) * x ( p2 h10 ) * y ( h10 h5 p6 p3 )
[ + 0.125 ] * Sum ( p3 p4 h5 p6 p7 h8 h9 h10 ) * t ( p3 p4 h5 h1 ) * t ( p6 p7 h8 h9 ) * v ( h8 h9 p3 p4 ) * x ( p2 h10 ) * y ( h10 h5 p6 p7 )
[ + 0.125 ] * Sum ( p3 p4 h5 p6 p7 h8 h9 h10 ) * t ( p3 p4 h5 h1 ) * t ( p6 p7 h8 h9 ) * v ( h10 h5 p6 p7 ) * x ( p2 h10 ) * y ( h8 h9 p3 p4 )
[ - 0.5 ] * Sum ( p3 p4 h5 p6 p7 h8 h9 h10 ) * t ( p3 p4 h5 h1 ) * t ( p6 p7 h8 h9 ) * v ( h10 h5 p7 p4 ) * x ( p2 h10 ) * y ( h8 h9 p6 p3 )
[ + 0.25 ] * Sum ( p3 p4 h5 p6 p7 h8 h9 h10 ) * t ( p3 p4 h5 h1 ) * t ( p6 p7 h8 h9 ) * v ( h9 h5 p6 p7 ) * x ( p2 h10 ) * y ( h10 h8 p3 p4 )
[ - 1.0 ] * Sum ( p3 p4 h5 p6 p7 h8 h9 h10 ) * t ( p3 p4 h5 h1 ) * t ( p6 p7 h8 h9 ) * v ( h9 h5 p7 p4 ) * x ( p2 h10 ) * y ( h10 h8 p6 p3 )
[ + 0.25 ] * Sum ( p3 p4 h5 p6 p7 h8 h9 h10 ) * t ( p3 p4 h5 h1 ) * t ( p6 p7 h8 h9 ) * v ( h9 h5 p3 p4 ) * x ( p2 h10 ) * y ( h10 h8 p6 p7 )
[ + 0.125 ] * Sum ( p3 h4 h5 p6 p7 h8 h9 p10 ) * t ( p3 p2 h4 h5 ) * t ( p6 p7 h8 h9 ) * v ( h8 h9 p10 p3 ) * x ( p10 h1 ) * y ( h4 h5 p6 p7 )
[ + 0.25 ] * Sum ( p3 h4 h5 p6 p7 h8 h9 p10 ) * t ( p3 p2 h4 h5 ) * t ( p6 p7 h8 h9 ) * v ( h8 h9 p7 p3 ) * x ( p10 h1 ) * y ( h4 h5 p10 p6 )
[ + 1.0 ] * Sum ( p3 h4 h5 p6 p7 h8 h9 p10 ) * t ( p3 p2 h4 h5 ) * t ( p6 p7 h8 h9 ) * v ( h9 h5 p10 p7 ) * x ( p10 h1 ) * y ( h8 h4 p6 p3 )
[ - 0.5 ] * Sum ( p3 h4 h5 p6 p7 h8 h9 p10 ) * t ( p3 p2 h4 h5 ) * t ( p6 p7 h8 h9 ) * v ( h9 h5 p6 p7 ) * x ( p10 h1 ) * y ( h8 h4 p10 p3 )
[ - 0.5 ] * Sum ( p3 h4 h5 p6 p7 h8 h9 p10 ) * t ( p3 p2 h4 h5 ) * t ( p6 p7 h8 h9 ) * v ( h9 h5 p10 p3 ) * x ( p10 h1 ) * y ( h8 h4 p6 p7 )
[ - 1.0 ] * Sum ( p3 h4 h5 p6 p7 h8 h9 p10 ) * t ( p3 p2 h4 h5 ) * t ( p6 p7 h8 h9 ) * v ( h9 h5 p7 p3 ) * x ( p10 h1 ) * y ( h8 h4 p10 p6 )
[ - 0.25 ] * Sum ( p3 h4 h5 p6 p7 h8 h9 p10 ) * t ( p3 p2 h4 h5 ) * t ( p6 p7 h8 h9 ) * v ( h4 h5 p10 p7 ) * x ( p10 h1 ) * y ( h8 h9 p6 p3 )
[ + 0.125 ] * Sum ( p3 h4 h5 p6 p7 h8 h9 p10 ) * t ( p3 p2 h4 h5 ) * t ( p6 p7 h8 h9 ) * v ( h4 h5 p6 p7 ) * x ( p10 h1 ) * y ( h8 h9 p10 p3 )
[ + 0.25 ] * Sum ( p3 h4 h5 p6 p7 h8 h9 p10 ) * t ( p3 p2 h4 h5 ) * t ( p6 p7 h8 h9 ) * v ( h4 h5 p7 p3 ) * x ( p10 h1 ) * y ( h8 h9 p10 p6 )
[ - 1.0 ] * Sum ( h3 p4 h5 p6 h7 p8 h9 ) * t ( p2 h3 ) * t ( p4 h5 ) * t ( p6 h7 ) * v ( h7 h3 h1 p4 ) * x ( p8 h9 ) * y ( h9 h5 p8 p6 )
[ - 0.5 ] * Sum ( p3 h4 p5 h6 p7 h8 h9 ) * t ( p3 h4 ) * t ( p5 h6 ) * t ( p7 h8 ) * v ( h8 h6 h1 p3 ) * x ( p2 h9 ) * y ( h9 h4 p7 p5 )
[ - 1.0 ] * Sum ( p3 p4 h5 p6 h7 p8 h9 ) * t ( p3 h1 ) * t ( p4 h5 ) * t ( p6 h7 ) * v ( h7 p2 p4 p3 ) * x ( p8 h9 ) * y ( h9 h5 p8 p6 )
[ + 1.0 ] * Sum ( h3 p4 p5 h6 h7 p8 h9 ) * t ( p2 h3 ) * t ( p4 h1 ) * t ( p5 h6 ) * v ( h6 h3 h7 p4 ) * x ( p8 h9 ) * y ( h9 h7 p8 p5 )
[ + 1.0 ] * Sum ( h3 p4 p5 h6 p7 p8 h9 ) * t ( p2 h3 ) * t ( p4 h1 ) * t ( p5 h6 ) * v ( h3 p7 p5 p4 ) * x ( p8 h9 ) * y ( h9 h6 p8 p7 )
[ + 0.5 ] * Sum ( p3 p4 h5 p6 h7 h8 h9 ) * t ( p3 h1 ) * t ( p4 h5 ) * t ( p6 h7 ) * v ( h7 h5 h8 p3 ) * x ( p2 h9 ) * y ( h9 h8 p6 p4 )
[ + 1.0 ] * Sum ( p3 p4 h5 p6 h7 p8 h9 ) * t ( p3 h1 ) * t ( p4 h5 ) * t ( p6 h7 ) * v ( h7 p8 p4 p3 ) * x ( p2 h9 ) * y ( h9 h5 p8 p6 )
[ - 0.5 ] * Sum ( p3 h4 p5 h6 p7 h8 p9 ) * t ( p3 h4 ) * t ( p5 h6 ) * t ( p7 h8 ) * v ( h8 p2 p5 p3 ) * x ( p9 h1 ) * y ( h6 h4 p9 p7 )
[ + 1.0 ] * Sum ( h3 p4 h5 p6 h7 h8 p9 ) * t ( p2 h3 ) * t ( p4 h5 ) * t ( p6 h7 ) * v ( h7 h3 h8 p4 ) * x ( p9 h1 ) * y ( h8 h5 p9 p6 )
[ + 0.5 ] * Sum ( h3 p4 h5 p6 h7 p8 p9 ) * t ( p2 h3 ) * t ( p4 h5 ) * t ( p6 h7 ) * v ( h3 p8 p6 p4 ) * x ( p9 h1 ) * y ( h7 h5 p9 p8 )
[ + 0.5 ] * Sum ( h3 p4 p5 h6 h7 p8 p9 h10 ) * t ( p2 h3 ) * t ( p4 h1 ) * t ( p5 h6 ) * v ( h7 h3 p5 p4 ) * x ( p8 p9 h10 h7 ) * y ( h10 h6 p8 p9 )
[ + 0.5 ] * Sum ( h3 p4 p5 h6 p7 p8 h9 h10 ) * t ( p2 h3 ) * t ( p4 h1 ) * t ( p5 h6 ) * v ( h6 h3 p7 p4 ) * x ( p8 p7 h9 h10 ) * y ( h9 h10 p8 p5 )
[ - 1.0 ] * Sum ( p3 p4 h5 p6 h7 h8 p9 h10 ) * t ( p3 h1 ) * t ( p4 h5 ) * t ( p6 h7 ) * v ( h8 h7 p4 p3 ) * x ( p9 p2 h10 h8 ) * y ( h10 h5 p9 p6 )
[ - 0.25 ] * Sum ( p3 p4 h5 p6 h7 p8 h9 h10 ) * t ( p3 h1 ) * t ( p4 h5 ) * t ( p6 h7 ) * v ( h7 h5 p8 p3 ) * x ( p8 p2 h9 h10 ) * y ( h9 h10 p6 p4 )
[ + 0.5 ] * Sum ( p3 p4 h5 p6 h7 p8 h9 h10 ) * t ( p3 h1 ) * t ( p4 h5 ) * t ( p6 h7 ) * v ( h7 h5 p6 p3 ) * x ( p8 p2 h9 h10 ) * y ( h9 h10 p8 p4 )
[ - 0.25 ] * Sum ( h3 p4 h5 p6 h7 h8 p9 p10 ) * t ( p2 h3 ) * t ( p4 h5 ) * t ( p6 h7 ) * v ( h8 h3 p6 p4 ) * x ( p9 p10 h8 h1 ) * y ( h7 h5 p9 p10 )
[ - 1.0 ] * Sum ( h3 p4 h5 p6 h7 p8 p9 h10 ) * t ( p2 h3 ) * t ( p4 h5 ) * t ( p6 h7 ) * v ( h7 h3 p8 p4 ) * x ( p9 p8 h10 h1 ) * y ( h10 h5 p9 p6 )
[ + 0.5 ] * Sum ( h3 p4 h5 p6 h7 p8 p9 h10 ) * t ( p2 h3 ) * t ( p4 h5 ) * t ( p6 h7 ) * v ( h7 h3 p6 p4 ) * x ( p8 p9 h10 h1 ) * y ( h10 h5 p8 p9 )
[ + 0.5 ] * Sum ( p3 h4 p5 h6 p7 h8 h9 p10 ) * t ( p3 h4 ) * t ( p5 h6 ) * t ( p7 h8 ) * v ( h9 h8 p5 p3 ) * x ( p10 p2 h9 h1 ) * y ( h6 h4 p10 p7 )
[ + 0.5 ] * Sum ( p3 h4 p5 h6 p7 h8 p9 h10 ) * t ( p3 h4 ) * t ( p5 h6 ) * t ( p7 h8 ) * v ( h8 h6 p9 p3 ) * x ( p9 p2 h10 h1 ) * y ( h10 h4 p7 p5 )
[ - 1.0 ] * Sum ( p3 h4 p5 h6 p7 h8 p9 h10 ) * t ( p3 h4 ) * t ( p5 h6 ) * t ( p7 h8 ) * v ( h8 h6 p7 p3 ) * x ( p9 p2 h10 h1 ) * y ( h10 h4 p9 p5 )
[ - 0.5 ] * Sum ( h3 p4 p5 p6 h7 h8 h9 p10 ) * t ( p2 h3 ) * t ( p4 h1 ) * t ( p5 p6 h7 h8 ) * v ( h9 h3 p6 p4 ) * x ( p10 h9 ) * y ( h7 h8 p10 p5 )
[ - 0.5 ] * Sum ( h3 p4 p5 p6 h7 h8 p9 h10 ) * t ( p2 h3 ) * t ( p4 h1 ) * t ( p5 p6 h7 h8 ) * v ( h8 h3 p9 p4 ) * x ( p9 h10 ) * y ( h10 h7 p5 p6 )
[ - 1.0 ] * Sum ( h3 p4 p5 p6 h7 h8 p9 h10 ) * t ( p2 h3 ) * t ( p4 h1 ) * t ( p5 p6 h7 h8 ) * v ( h8 h3 p6 p4 ) * x ( p9 h10 ) * y ( h10 h7 p9 p5 )
[ - 1.0 ] * Sum ( p3 p4 h5 p6 h7 h8 h9 p10 ) * t ( p3 h1 ) * t ( p4 h5 ) * t ( p6 p2 h7 h8 ) * v ( h9 h8 p4 p3 ) * x ( p10 h9 ) * y ( h7 h5 p10 p6 )
[ + 0.5 ] * Sum ( p3 p4 h5 p6 h7 h8 p9 h10 ) * t ( p3 h1 ) * t ( p4 h5 ) * t ( p6 p2 h7 h8 ) * v ( h7 h8 p4 p3 ) * x ( p9 h10 ) * y ( h10 h5 p9 p6 )
[ - 0.5 ] * Sum ( p3 p4 h5 p6 h7 h8 h9 p10 ) * t ( p3 h1 ) * t ( p4 h5 ) * t ( p6 p2 h7 h8 ) * v ( h9 h5 p6 p3 ) * x ( p10 h9 ) * y ( h7 h8 p10 p4 )
[ + 1.0 ] * Sum ( p3 p4 h5 p6 h7 h8 p9 h10 ) * t ( p3 h1 ) * t ( p4 h5 ) * t ( p6 p2 h7 h8 ) * v ( h8 h5 p9 p3 ) * x ( p9 h10 ) * y ( h10 h7 p6 p4 )
[ - 1.0 ] * Sum ( p3 p4 h5 p6 h7 h8 p9 h10 ) * t ( p3 h1 ) * t ( p4 h5 ) * t ( p6 p2 h7 h8 ) * v ( h8 h5 p6 p3 ) * x ( p9 h10 ) * y ( h10 h7 p9 p4 )
[ + 1.0 ] * Sum ( p3 p4 h5 p6 h7 h8 p9 h10 ) * t ( p3 h1 ) * t ( p4 h5 ) * t ( p6 p2 h7 h8 ) * v ( h8 h5 p4 p3 ) * x ( p9 h10 ) * y ( h10 h7 p9 p6 )
[ - 0.5 ] * Sum ( p3 p4 h5 p6 p7 h8 h9 h10 ) * t ( p3 h1 ) * t ( p4 h5 ) * t ( p6 p7 h8 h9 ) * v ( h10 h9 p4 p3 ) * x ( p2 h10 ) * y ( h8 h5 p6 p7 )
[ + 0.25 ] * Sum ( p3 p4 h5 p6 p7 h8 h9 h10 ) * t ( p3 h1 ) * t ( p4 h5 ) * t ( p6 p7 h8 h9 ) * v ( h8 h9 p4 p3 ) * x ( p2 h10 ) * y ( h10 h5 p6 p7 )
[ - 0.5 ] * Sum ( p3 p4 h5 p6 p7 h8 h9 h10 ) * t ( p3 h1 ) * t ( p4 h5 ) * t ( p6 p7 h8 h9 ) * v ( h10 h5 p7 p3 ) * x ( p2 h10 ) * y ( h8 h9 p6 p4 )
[ - 1.0 ] * Sum ( p3 p4 h5 p6 p7 h8 h9 h10 ) * t ( p3 h1 ) * t ( p4 h5 ) * t ( p6 p7 h8 h9 ) * v ( h9 h5 p7 p3 ) * x ( p2 h10 ) * y ( h10 h8 p6 p4 )
[ + 0.5 ] * Sum ( p3 p4 h5 p6 p7 h8 h9 h10 ) * t ( p3 h1 ) * t ( p4 h5 ) * t ( p6 p7 h8 h9 ) * v ( h9 h5 p4 p3 ) * x ( p2 h10 ) * y ( h10 h8 p6 p7 )
[ + 1.0 ] * Sum ( h3 p4 h5 p6 p7 h8 h9 p10 ) * t ( p2 h3 ) * t ( p4 h5 ) * t ( p6 p7 h8 h1 ) * v ( h9 h3 p7 p4 ) * x ( p10 h9 ) * y ( h8 h5 p10 p6 )
[ - 0.5 ] * Sum ( h3 p4 h5 p6 p7 h8 p9 h10 ) * t ( p2 h3 ) * t ( p4 h5 ) * t ( p6 p7 h8 h1 ) * v ( h8 h3 p9 p4 ) * x ( p9 h10 ) * y ( h10 h5 p6 p7 )
[ - 1.0 ] * Sum ( h3 p4 h5 p6 p7 h8 p9 h10 ) * t ( p2 h3 ) * t ( p4 h5 ) * t ( p6 p7 h8 h1 ) * v ( h8 h3 p7 p4 ) * x ( p9 h10 ) * y ( h10 h5 p9 p6 )
[ - 1.0 ] * Sum ( h3 p4 h5 p6 p7 h8 p9 h10 ) * t ( p2 h3 ) * t ( p4 h5 ) * t ( p6 p7 h8 h1 ) * v ( h5 h3 p9 p7 ) * x ( p9 h10 ) * y ( h10 h8 p6 p4 )
[ + 0.5 ] * Sum ( h3 p4 h5 p6 p7 h8 p9 h10 ) * t ( p2 h3 ) * t ( p4 h5 ) * t ( p6 p7 h8 h1 ) * v ( h5 h3 p6 p7 ) * x ( p9 h10 ) * y ( h10 h8 p9 p4 )
[ + 1.0 ] * Sum ( h3 p4 h5 p6 p7 h8 p9 h10 ) * t ( p2 h3 ) * t ( p4 h5 ) * t ( p6 p7 h8 h1 ) * v ( h5 h3 p7 p4 ) * x ( p9 h10 ) * y ( h10 h8 p9 p6 )
[ + 0.5 ] * Sum ( p3 h4 p5 h6 p7 h8 h9 p10 ) * t ( p3 h4 ) * t ( p5 h6 ) * t ( p7 p2 h8 h1 ) * v ( h9 h8 p5 p3 ) * x ( p10 h9 ) * y ( h6 h4 p10 p7 )
[ + 1.0 ] * Sum ( p3 h4 p5 h6 p7 h8 h9 p10 ) * t ( p3 h4 ) * t ( p5 h6 ) * t ( p7 p2 h8 h1 ) * v ( h9 h6 p7 p3 ) * x ( p10 h9 ) * y ( h8 h4 p10 p5 )
[ + 1.0 ] * Sum ( p3 h4 p5 h6 p7 h8 p9 h10 ) * t ( p3 h4 ) * t ( p5 h6 ) * t ( p7 p2 h8 h1 ) * v ( h8 h6 p9 p3 ) * x ( p9 h10 ) * y ( h10 h4 p7 p5 )
[ - 1.0 ] * Sum ( p3 h4 p5 h6 p7 h8 p9 h10 ) * t ( p3 h4 ) * t ( p5 h6 ) * t ( p7 p2 h8 h1 ) * v ( h8 h6 p7 p3 ) * x ( p9 h10 ) * y ( h10 h4 p9 p5 )
[ + 1.0 ] * Sum ( p3 h4 p5 h6 p7 h8 p9 h10 ) * t ( p3 h4 ) * t ( p5 h6 ) * t ( p7 p2 h8 h1 ) * v ( h8 h6 p5 p3 ) * x ( p9 h10 ) * y ( h10 h4 p9 p7 )
[ + 0.5 ] * Sum ( p3 h4 p5 h6 p7 h8 p9 h10 ) * t ( p3 h4 ) * t ( p5 h6 ) * t ( p7 p2 h8 h1 ) * v ( h6 h4 p9 p7 ) * x ( p9 h10 ) * y ( h10 h8 p5 p3 )
[ + 1.0 ] * Sum ( p3 h4 p5 h6 p7 h8 p9 h10 ) * t ( p3 h4 ) * t ( p5 h6 ) * t ( p7 p2 h8 h1 ) * v ( h6 h4 p7 p5 ) * x ( p9 h10 ) * y ( h10 h8 p9 p3 )
[ + 0.25 ] * Sum ( p3 h4 p5 h6 p7 p8 h9 h10 ) * t ( p3 h4 ) * t ( p5 h6 ) * t ( p7 p8 h9 h1 ) * v ( h10 h9 p5 p3 ) * x ( p2 h10 ) * y ( h6 h4 p7 p8 )
[ + 1.0 ] * Sum ( p3 h4 p5 h6 p7 p8 h9 h10 ) * t ( p3 h4 ) * t ( p5 h6 ) * t ( p7 p8 h9 h1 ) * v ( h10 h6 p8 p3 ) * x ( p2 h10 ) * y ( h9 h4 p7 p5 )
[ - 1.0 ] * Sum ( p3 h4 p5 h6 p7 p8 h9 h10 ) * t ( p3 h4 ) * t ( p5 h6 ) * t ( p7 p8 h9 h1 ) * v ( h9 h6 p8 p3 ) * x ( p2 h10 ) * y ( h10 h4 p7 p5 )
[ + 0.5 ] * Sum ( p3 h4 p5 h6 p7 p8 h9 h10 ) * t ( p3 h4 ) * t ( p5 h6 ) * t ( p7 p8 h9 h1 ) * v ( h9 h6 p5 p3 ) * x ( p2 h10 ) * y ( h10 h4 p7 p8 )
[ + 0.25 ] * Sum ( p3 h4 p5 h6 p7 p8 h9 h10 ) * t ( p3 h4 ) * t ( p5 h6 ) * t ( p7 p8 h9 h1 ) * v ( h6 h4 p7 p8 ) * x ( p2 h10 ) * y ( h10 h9 p5 p3 )
[ + 1.0 ] * Sum ( p3 h4 p5 h6 p7 p8 h9 h10 ) * t ( p3 h4 ) * t ( p5 h6 ) * t ( p7 p8 h9 h1 ) * v ( h6 h4 p8 p5 ) * x ( p2 h10 ) * y ( h10 h9 p7 p3 )
[ - 0.5 ] * Sum ( h3 p4 h5 p6 p7 h8 h9 p10 ) * t ( p2 h3 ) * t ( p4 h5 ) * t ( p6 p7 h8 h9 ) * v ( h9 h3 p10 p4 ) * x ( p10 h1 ) * y ( h8 h5 p6 p7 )
[ - 1.0 ] * Sum ( h3 p4 h5 p6 p7 h8 h9 p10 ) * t ( p2 h3 ) * t ( p4 h5 ) * t ( p6 p7 h8 h9 ) * v ( h9 h3 p7 p4 ) * x ( p10 h1 ) * y ( h8 h5 p10 p6 )
[ - 0.5 ] * Sum ( h3 p4 h5 p6 p7 h8 h9 p10 ) * t ( p2 h3 ) * t ( p4 h5 ) * t ( p6 p7 h8 h9 ) * v ( h5 h3 p10 p7 ) * x ( p10 h1 ) * y ( h8 h9 p6 p4 )
[ + 0.25 ] * Sum ( h3 p4 h5 p6 p7 h8 h9 p10 ) * t ( p2 h3 ) * t ( p4 h5 ) * t ( p6 p7 h8 h9 ) * v ( h5 h3 p6 p7 ) * x ( p10 h1 ) * y ( h8 h9 p10 p4 )
[ + 0.5 ] * Sum ( h3 p4 h5 p6 p7 h8 h9 p10 ) * t ( p2 h3 ) * t ( p4 h5 ) * t ( p6 p7 h8 h9 ) * v ( h5 h3 p7 p4 ) * x ( p10 h1 ) * y ( h8 h9 p10 p6 )
[ + 0.25 ] * Sum ( p3 h4 p5 h6 p7 h8 h9 p10 ) * t ( p3 h4 ) * t ( p5 h6 ) * t ( p7 p2 h8 h9 ) * v ( h8 h9 p5 p3 ) * x ( p10 h1 ) * y ( h6 h4 p10 p7 )
[ + 1.0 ] * Sum ( p3 h4 p5 h6 p7 h8 h9 p10 ) * t ( p3 h4 ) * t ( p5 h6 ) * t ( p7 p2 h8 h9 ) * v ( h9 h6 p10 p3 ) * x ( p10 h1 ) * y ( h8 h4 p7 p5 )
[ - 1.0 ] * Sum ( p3 h4 p5 h6 p7 h8 h9 p10 ) * t ( p3 h4 ) * t ( p5 h6 ) * t ( p7 p2 h8 h9 ) * v ( h9 h6 p7 p3 ) * x ( p10 h1 ) * y ( h8 h4 p10 p5 )
[ + 1.0 ] * Sum ( p3 h4 p5 h6 p7 h8 h9 p10 ) * t ( p3 h4 ) * t ( p5 h6 ) * t ( p7 p2 h8 h9 ) * v ( h9 h6 p5 p3 ) * x ( p10 h1 ) * y ( h8 h4 p10 p7 )
[ + 0.25 ] * Sum ( p3 h4 p5 h6 p7 h8 h9 p10 ) * t ( p3 h4 ) * t ( p5 h6 ) * t ( p7 p2 h8 h9 ) * v ( h6 h4 p10 p7 ) * x ( p10 h1 ) * y ( h8 h9 p5 p3 )
[ + 0.5 ] * Sum ( p3 h4 p5 h6 p7 h8 h9 p10 ) * t ( p3 h4 ) * t ( p5 h6 ) * t ( p7 p2 h8 h9 ) * v ( h6 h4 p7 p5 ) * x ( p10 h1 ) * y ( h8 h9 p10 p3 )
[ + 1.0 ] * Sum ( h3 p4 p5 h6 p7 h8 p9 h10 ) * t ( p2 h3 ) * t ( p4 h1 ) * t ( p5 h6 ) * t ( p7 h8 ) * v ( h8 h3 p5 p4 ) * x ( p9 h10 ) * y ( h10 h6 p9 p7 )
[ + 0.5 ] * Sum ( p3 p4 h5 p6 h7 p8 h9 h10 ) * t ( p3 h1 ) * t ( p4 h5 ) * t ( p6 h7 ) * t ( p8 h9 ) * v ( h9 h7 p4 p3 ) * x ( p2 h10 ) * y ( h10 h5 p8 p6 )
[ + 0.5 ] * Sum ( h3 p4 h5 p6 h7 p8 h9 p10 ) * t ( p2 h3 ) * t ( p4 h5 ) * t ( p6 h7 ) * t ( p8 h9 ) * v ( h9 h3 p6 p4 ) * x ( p10 h1 ) * y ( h7 h5 p10 p8 )
